mode: set
git.iu7.bmstu.ru/ped22u691/PPO.git/cmd/measure_time/measure.go:10.13,15.40 4 0
git.iu7.bmstu.ru/ped22u691/PPO.git/cmd/measure_time/measure.go:15.40,17.17 2 0
git.iu7.bmstu.ru/ped22u691/PPO.git/cmd/measure_time/measure.go:17.17,20.4 2 0
git.iu7.bmstu.ru/ped22u691/PPO.git/cmd/measure_time/measure.go:22.3,23.17 2 0
git.iu7.bmstu.ru/ped22u691/PPO.git/cmd/measure_time/measure.go:23.17,26.4 2 0
git.iu7.bmstu.ru/ped22u691/PPO.git/cmd/measure_time/measure.go:29.2,31.16 3 0
git.iu7.bmstu.ru/ped22u691/PPO.git/cmd/measure_time/measure.go:31.16,34.3 2 0
git.iu7.bmstu.ru/ped22u691/PPO.git/internal/cnfg/config.go:62.53,68.40 6 0
git.iu7.bmstu.ru/ped22u691/PPO.git/internal/cnfg/config.go:68.40,70.3 1 0
git.iu7.bmstu.ru/ped22u691/PPO.git/internal/cnfg/config.go:71.2,71.53 1 0
git.iu7.bmstu.ru/ped22u691/PPO.git/internal/cnfg/config.go:71.53,73.3 1 0
git.iu7.bmstu.ru/ped22u691/PPO.git/internal/cnfg/config.go:75.2,75.20 1 0
git.iu7.bmstu.ru/ped22u691/PPO.git/internal/cnfg/config.go:78.74,84.40 6 0
git.iu7.bmstu.ru/ped22u691/PPO.git/internal/cnfg/config.go:84.40,86.3 1 0
git.iu7.bmstu.ru/ped22u691/PPO.git/internal/cnfg/config.go:87.2,87.58 1 0
git.iu7.bmstu.ru/ped22u691/PPO.git/internal/cnfg/config.go:87.58,89.3 1 0
git.iu7.bmstu.ru/ped22u691/PPO.git/internal/cnfg/config.go:91.2,91.20 1 0
git.iu7.bmstu.ru/ped22u691/PPO.git/internal/cnfg/config.go:94.67,99.44 5 0
git.iu7.bmstu.ru/ped22u691/PPO.git/internal/cnfg/config.go:99.44,101.3 1 0
git.iu7.bmstu.ru/ped22u691/PPO.git/internal/cnfg/config.go:102.2,103.47 2 0
git.iu7.bmstu.ru/ped22u691/PPO.git/internal/cnfg/config.go:103.47,105.3 1 0
git.iu7.bmstu.ru/ped22u691/PPO.git/internal/cnfg/config.go:106.2,106.20 1 0
git.iu7.bmstu.ru/ped22u691/PPO.git/internal/cnfg/config.go:109.65,115.40 6 0
git.iu7.bmstu.ru/ped22u691/PPO.git/internal/cnfg/config.go:115.40,116.55 1 0
git.iu7.bmstu.ru/ped22u691/PPO.git/internal/cnfg/config.go:116.55,118.4 1 0
git.iu7.bmstu.ru/ped22u691/PPO.git/internal/cnfg/config.go:119.3,119.58 1 0
git.iu7.bmstu.ru/ped22u691/PPO.git/internal/cnfg/config.go:121.2,121.58 1 0
git.iu7.bmstu.ru/ped22u691/PPO.git/internal/cnfg/config.go:121.58,123.3 1 0
git.iu7.bmstu.ru/ped22u691/PPO.git/internal/cnfg/config.go:124.2,126.20 2 0
git.iu7.bmstu.ru/ped22u691/PPO.git/internal/cnfg/config.go:129.67,134.44 5 0
git.iu7.bmstu.ru/ped22u691/PPO.git/internal/cnfg/config.go:134.44,136.3 1 0
git.iu7.bmstu.ru/ped22u691/PPO.git/internal/cnfg/config.go:137.2,138.47 2 0
git.iu7.bmstu.ru/ped22u691/PPO.git/internal/cnfg/config.go:138.47,140.3 1 0
git.iu7.bmstu.ru/ped22u691/PPO.git/internal/cnfg/config.go:141.2,141.20 1 0
git.iu7.bmstu.ru/ped22u691/PPO.git/internal/cnfg/config.go:144.30,148.2 3 0
git.iu7.bmstu.ru/ped22u691/PPO.git/internal/cnfg/config.go:150.53,161.2 3 0
git.iu7.bmstu.ru/ped22u691/PPO.git/internal/cnfg/config.go:163.55,169.2 1 0
git.iu7.bmstu.ru/ped22u691/PPO.git/internal/middleware/authMiddleware.go:23.95,24.30 1 0
git.iu7.bmstu.ru/ped22u691/PPO.git/internal/middleware/authMiddleware.go:24.30,26.36 2 0
git.iu7.bmstu.ru/ped22u691/PPO.git/internal/middleware/authMiddleware.go:26.36,27.18 1 0
git.iu7.bmstu.ru/ped22u691/PPO.git/internal/middleware/authMiddleware.go:27.18,30.5 2 0
git.iu7.bmstu.ru/ped22u691/PPO.git/internal/middleware/authMiddleware.go:31.4,33.10 3 0
git.iu7.bmstu.ru/ped22u691/PPO.git/internal/middleware/authMiddleware.go:36.3,37.22 2 0
git.iu7.bmstu.ru/ped22u691/PPO.git/internal/middleware/authMiddleware.go:37.22,41.4 3 0
git.iu7.bmstu.ru/ped22u691/PPO.git/internal/middleware/authMiddleware.go:43.3,44.51 2 0
git.iu7.bmstu.ru/ped22u691/PPO.git/internal/middleware/authMiddleware.go:44.51,48.4 3 0
git.iu7.bmstu.ru/ped22u691/PPO.git/internal/middleware/authMiddleware.go:50.3,52.17 3 0
git.iu7.bmstu.ru/ped22u691/PPO.git/internal/middleware/authMiddleware.go:52.17,55.4 2 0
git.iu7.bmstu.ru/ped22u691/PPO.git/internal/middleware/authMiddleware.go:57.3,61.11 4 0
git.iu7.bmstu.ru/ped22u691/PPO.git/cmd/app/main.go:43.13,57.16 9 0
git.iu7.bmstu.ru/ped22u691/PPO.git/cmd/app/main.go:57.16,58.58 1 0
git.iu7.bmstu.ru/ped22u691/PPO.git/cmd/app/main.go:60.2,61.16 2 0
git.iu7.bmstu.ru/ped22u691/PPO.git/cmd/app/main.go:61.16,62.61 1 0
git.iu7.bmstu.ru/ped22u691/PPO.git/cmd/app/main.go:64.2,65.16 2 0
git.iu7.bmstu.ru/ped22u691/PPO.git/cmd/app/main.go:65.16,66.59 1 0
git.iu7.bmstu.ru/ped22u691/PPO.git/cmd/app/main.go:68.2,69.16 2 0
git.iu7.bmstu.ru/ped22u691/PPO.git/cmd/app/main.go:69.16,70.54 1 0
git.iu7.bmstu.ru/ped22u691/PPO.git/cmd/app/main.go:75.2,76.16 2 0
git.iu7.bmstu.ru/ped22u691/PPO.git/cmd/app/main.go:76.16,77.13 1 0
git.iu7.bmstu.ru/ped22u691/PPO.git/cmd/app/main.go:79.2,80.16 2 0
git.iu7.bmstu.ru/ped22u691/PPO.git/cmd/app/main.go:80.16,81.13 1 0
git.iu7.bmstu.ru/ped22u691/PPO.git/cmd/app/main.go:83.2,84.16 2 0
git.iu7.bmstu.ru/ped22u691/PPO.git/cmd/app/main.go:84.16,85.13 1 0
git.iu7.bmstu.ru/ped22u691/PPO.git/cmd/app/main.go:87.2,88.16 2 0
git.iu7.bmstu.ru/ped22u691/PPO.git/cmd/app/main.go:88.16,89.13 1 0
git.iu7.bmstu.ru/ped22u691/PPO.git/cmd/app/main.go:91.2,92.16 2 0
git.iu7.bmstu.ru/ped22u691/PPO.git/cmd/app/main.go:92.16,93.13 1 0
git.iu7.bmstu.ru/ped22u691/PPO.git/cmd/app/main.go:95.2,96.16 2 0
git.iu7.bmstu.ru/ped22u691/PPO.git/cmd/app/main.go:96.16,97.13 1 0
git.iu7.bmstu.ru/ped22u691/PPO.git/cmd/app/main.go:99.2,100.16 2 0
git.iu7.bmstu.ru/ped22u691/PPO.git/cmd/app/main.go:100.16,101.13 1 0
git.iu7.bmstu.ru/ped22u691/PPO.git/cmd/app/main.go:103.2,104.16 2 0
git.iu7.bmstu.ru/ped22u691/PPO.git/cmd/app/main.go:104.16,105.13 1 0
git.iu7.bmstu.ru/ped22u691/PPO.git/cmd/app/main.go:107.2,108.16 2 0
git.iu7.bmstu.ru/ped22u691/PPO.git/cmd/app/main.go:108.16,109.13 1 0
git.iu7.bmstu.ru/ped22u691/PPO.git/cmd/app/main.go:115.2,116.16 2 0
git.iu7.bmstu.ru/ped22u691/PPO.git/cmd/app/main.go:116.16,117.13 1 0
git.iu7.bmstu.ru/ped22u691/PPO.git/cmd/app/main.go:119.2,120.16 2 0
git.iu7.bmstu.ru/ped22u691/PPO.git/cmd/app/main.go:120.16,121.13 1 0
git.iu7.bmstu.ru/ped22u691/PPO.git/cmd/app/main.go:123.2,124.16 2 0
git.iu7.bmstu.ru/ped22u691/PPO.git/cmd/app/main.go:124.16,125.13 1 0
git.iu7.bmstu.ru/ped22u691/PPO.git/cmd/app/main.go:127.2,128.16 2 0
git.iu7.bmstu.ru/ped22u691/PPO.git/cmd/app/main.go:128.16,129.13 1 0
git.iu7.bmstu.ru/ped22u691/PPO.git/cmd/app/main.go:132.2,183.21 42 0
git.iu7.bmstu.ru/ped22u691/PPO.git/cmd/app/main.go:186.14,188.16 2 0
git.iu7.bmstu.ru/ped22u691/PPO.git/cmd/app/main.go:188.16,189.13 1 0
git.iu7.bmstu.ru/ped22u691/PPO.git/cmd/app/main.go:191.2,203.16 5 0
git.iu7.bmstu.ru/ped22u691/PPO.git/cmd/app/main.go:203.16,206.3 2 0
git.iu7.bmstu.ru/ped22u691/PPO.git/cmd/app/main.go:207.2,210.82 3 0
git.iu7.bmstu.ru/ped22u691/PPO.git/cmd/app/main.go:210.82,213.3 2 0
git.iu7.bmstu.ru/ped22u691/PPO.git/cmd/app/main.go:215.2,216.16 2 0
git.iu7.bmstu.ru/ped22u691/PPO.git/cmd/app/main.go:216.16,218.3 1 0
git.iu7.bmstu.ru/ped22u691/PPO.git/cmd/app/main.go:220.2,221.16 2 0
git.iu7.bmstu.ru/ped22u691/PPO.git/cmd/app/main.go:221.16,223.3 1 0
git.iu7.bmstu.ru/ped22u691/PPO.git/cmd/app/main.go:224.2,225.16 2 0
git.iu7.bmstu.ru/ped22u691/PPO.git/cmd/app/main.go:225.16,226.46 1 0
git.iu7.bmstu.ru/ped22u691/PPO.git/cmd/app/main.go:226.46,228.4 1 0
git.iu7.bmstu.ru/ped22u691/PPO.git/cmd/app/main.go:228.9,230.4 1 0
git.iu7.bmstu.ru/ped22u691/PPO.git/cmd/app/main.go:231.3,231.9 1 0
git.iu7.bmstu.ru/ped22u691/PPO.git/cmd/app/main.go:233.2,233.29 1 0
git.iu7.bmstu.ru/ped22u691/PPO.git/cmd/app/main.go:233.29,235.3 1 0
git.iu7.bmstu.ru/ped22u691/PPO.git/cmd/app/main.go:259.15,423.2 0 0
git.iu7.bmstu.ru/ped22u691/PPO.git/docs/docs.go:2435.13,2437.2 1 0
git.iu7.bmstu.ru/ped22u691/PPO.git/internal/api/adminRouter.go:23.45,33.2 9 0
git.iu7.bmstu.ru/ped22u691/PPO.git/internal/api/adminRouter.go:46.55,49.16 3 0
git.iu7.bmstu.ru/ped22u691/PPO.git/internal/api/adminRouter.go:49.16,52.3 2 0
git.iu7.bmstu.ru/ped22u691/PPO.git/internal/api/adminRouter.go:53.2,54.30 2 0
git.iu7.bmstu.ru/ped22u691/PPO.git/internal/api/adminRouter.go:54.30,56.3 1 0
git.iu7.bmstu.ru/ped22u691/PPO.git/internal/api/adminRouter.go:57.2,57.38 1 0
git.iu7.bmstu.ru/ped22u691/PPO.git/internal/api/adminRouter.go:71.51,74.16 3 0
git.iu7.bmstu.ru/ped22u691/PPO.git/internal/api/adminRouter.go:74.16,77.3 2 0
git.iu7.bmstu.ru/ped22u691/PPO.git/internal/api/adminRouter.go:78.2,79.26 2 0
git.iu7.bmstu.ru/ped22u691/PPO.git/internal/api/adminRouter.go:79.26,81.3 1 0
git.iu7.bmstu.ru/ped22u691/PPO.git/internal/api/adminRouter.go:82.2,82.34 1 0
git.iu7.bmstu.ru/ped22u691/PPO.git/internal/api/adminRouter.go:98.48,102.16 3 0
git.iu7.bmstu.ru/ped22u691/PPO.git/internal/api/adminRouter.go:102.16,103.78 1 0
git.iu7.bmstu.ru/ped22u691/PPO.git/internal/api/adminRouter.go:103.78,105.4 1 0
git.iu7.bmstu.ru/ped22u691/PPO.git/internal/api/adminRouter.go:105.9,107.4 1 0
git.iu7.bmstu.ru/ped22u691/PPO.git/internal/api/adminRouter.go:108.3,108.9 1 0
git.iu7.bmstu.ru/ped22u691/PPO.git/internal/api/adminRouter.go:111.2,112.47 2 0
git.iu7.bmstu.ru/ped22u691/PPO.git/internal/api/adminRouter.go:112.47,115.3 2 0
git.iu7.bmstu.ru/ped22u691/PPO.git/internal/api/adminRouter.go:117.2,117.68 1 0
git.iu7.bmstu.ru/ped22u691/PPO.git/internal/api/adminRouter.go:117.68,118.55 1 0
git.iu7.bmstu.ru/ped22u691/PPO.git/internal/api/adminRouter.go:118.55,120.4 1 0
git.iu7.bmstu.ru/ped22u691/PPO.git/internal/api/adminRouter.go:120.9,122.4 1 0
git.iu7.bmstu.ru/ped22u691/PPO.git/internal/api/adminRouter.go:123.3,123.9 1 0
git.iu7.bmstu.ru/ped22u691/PPO.git/internal/api/adminRouter.go:125.2,125.32 1 0
git.iu7.bmstu.ru/ped22u691/PPO.git/internal/api/adminRouter.go:139.52,143.47 3 0
git.iu7.bmstu.ru/ped22u691/PPO.git/internal/api/adminRouter.go:143.47,146.3 2 0
git.iu7.bmstu.ru/ped22u691/PPO.git/internal/api/adminRouter.go:148.2,149.16 2 0
git.iu7.bmstu.ru/ped22u691/PPO.git/internal/api/adminRouter.go:149.16,150.54 1 0
git.iu7.bmstu.ru/ped22u691/PPO.git/internal/api/adminRouter.go:150.54,152.4 1 0
git.iu7.bmstu.ru/ped22u691/PPO.git/internal/api/adminRouter.go:152.9,154.4 1 0
git.iu7.bmstu.ru/ped22u691/PPO.git/internal/api/adminRouter.go:155.3,155.9 1 0
git.iu7.bmstu.ru/ped22u691/PPO.git/internal/api/adminRouter.go:157.2,157.32 1 0
git.iu7.bmstu.ru/ped22u691/PPO.git/internal/api/artworksRouter.go:21.105,31.2 7 0
git.iu7.bmstu.ru/ped22u691/PPO.git/internal/api/artworksRouter.go:43.57,46.16 3 0
git.iu7.bmstu.ru/ped22u691/PPO.git/internal/api/artworksRouter.go:46.16,49.3 2 0
git.iu7.bmstu.ru/ped22u691/PPO.git/internal/api/artworksRouter.go:50.2,51.29 2 0
git.iu7.bmstu.ru/ped22u691/PPO.git/internal/api/artworksRouter.go:51.29,53.3 1 0
git.iu7.bmstu.ru/ped22u691/PPO.git/internal/api/artworksRouter.go:54.2,54.37 1 0
git.iu7.bmstu.ru/ped22u691/PPO.git/internal/api/artworksRouter.go:70.53,74.47 3 0
git.iu7.bmstu.ru/ped22u691/PPO.git/internal/api/artworksRouter.go:74.47,77.3 2 0
git.iu7.bmstu.ru/ped22u691/PPO.git/internal/api/artworksRouter.go:79.2,80.16 2 0
git.iu7.bmstu.ru/ped22u691/PPO.git/internal/api/artworksRouter.go:80.16,81.105 1 0
git.iu7.bmstu.ru/ped22u691/PPO.git/internal/api/artworksRouter.go:81.105,83.4 1 0
git.iu7.bmstu.ru/ped22u691/PPO.git/internal/api/artworksRouter.go:83.9,83.55 1 0
git.iu7.bmstu.ru/ped22u691/PPO.git/internal/api/artworksRouter.go:83.55,85.4 1 0
git.iu7.bmstu.ru/ped22u691/PPO.git/internal/api/artworksRouter.go:85.9,87.4 1 0
git.iu7.bmstu.ru/ped22u691/PPO.git/internal/api/artworksRouter.go:88.3,88.9 1 0
git.iu7.bmstu.ru/ped22u691/PPO.git/internal/api/artworksRouter.go:90.2,90.37 1 0
git.iu7.bmstu.ru/ped22u691/PPO.git/internal/api/artworksRouter.go:106.56,110.47 3 0
git.iu7.bmstu.ru/ped22u691/PPO.git/internal/api/artworksRouter.go:110.47,113.3 2 0
git.iu7.bmstu.ru/ped22u691/PPO.git/internal/api/artworksRouter.go:115.2,128.16 2 0
git.iu7.bmstu.ru/ped22u691/PPO.git/internal/api/artworksRouter.go:128.16,131.56 1 0
git.iu7.bmstu.ru/ped22u691/PPO.git/internal/api/artworksRouter.go:131.56,133.4 1 0
git.iu7.bmstu.ru/ped22u691/PPO.git/internal/api/artworksRouter.go:133.9,133.57 1 0
git.iu7.bmstu.ru/ped22u691/PPO.git/internal/api/artworksRouter.go:133.57,135.4 1 0
git.iu7.bmstu.ru/ped22u691/PPO.git/internal/api/artworksRouter.go:135.9,137.4 1 0
git.iu7.bmstu.ru/ped22u691/PPO.git/internal/api/artworksRouter.go:138.3,138.9 1 0
git.iu7.bmstu.ru/ped22u691/PPO.git/internal/api/artworksRouter.go:140.2,140.32 1 0
git.iu7.bmstu.ru/ped22u691/PPO.git/internal/api/artworksRouter.go:156.56,160.47 3 0
git.iu7.bmstu.ru/ped22u691/PPO.git/internal/api/artworksRouter.go:160.47,163.3 2 0
git.iu7.bmstu.ru/ped22u691/PPO.git/internal/api/artworksRouter.go:165.2,166.16 2 0
git.iu7.bmstu.ru/ped22u691/PPO.git/internal/api/artworksRouter.go:166.16,167.52 1 0
git.iu7.bmstu.ru/ped22u691/PPO.git/internal/api/artworksRouter.go:167.52,169.4 1 0
git.iu7.bmstu.ru/ped22u691/PPO.git/internal/api/artworksRouter.go:169.9,171.4 1 0
git.iu7.bmstu.ru/ped22u691/PPO.git/internal/api/artworksRouter.go:172.3,172.9 1 0
git.iu7.bmstu.ru/ped22u691/PPO.git/internal/api/artworksRouter.go:174.2,174.32 1 0
git.iu7.bmstu.ru/ped22u691/PPO.git/internal/api/authAdminRouter.go:16.79,21.2 4 0
git.iu7.bmstu.ru/ped22u691/PPO.git/internal/api/authAdminRouter.go:33.52,37.47 3 0
git.iu7.bmstu.ru/ped22u691/PPO.git/internal/api/authAdminRouter.go:37.47,40.3 2 0
git.iu7.bmstu.ru/ped22u691/PPO.git/internal/api/authAdminRouter.go:42.2,42.56 1 0
git.iu7.bmstu.ru/ped22u691/PPO.git/internal/api/authAdminRouter.go:42.56,45.3 2 0
git.iu7.bmstu.ru/ped22u691/PPO.git/internal/api/authAdminRouter.go:46.2,46.32 1 0
git.iu7.bmstu.ru/ped22u691/PPO.git/internal/api/authAdminRouter.go:60.49,64.47 3 0
git.iu7.bmstu.ru/ped22u691/PPO.git/internal/api/authAdminRouter.go:64.47,67.3 2 0
git.iu7.bmstu.ru/ped22u691/PPO.git/internal/api/authAdminRouter.go:69.2,70.16 2 0
git.iu7.bmstu.ru/ped22u691/PPO.git/internal/api/authAdminRouter.go:70.16,71.48 1 0
git.iu7.bmstu.ru/ped22u691/PPO.git/internal/api/authAdminRouter.go:71.48,73.4 1 0
git.iu7.bmstu.ru/ped22u691/PPO.git/internal/api/authAdminRouter.go:73.9,73.51 1 0
git.iu7.bmstu.ru/ped22u691/PPO.git/internal/api/authAdminRouter.go:73.51,75.4 1 0
git.iu7.bmstu.ru/ped22u691/PPO.git/internal/api/authAdminRouter.go:75.9,77.4 1 0
git.iu7.bmstu.ru/ped22u691/PPO.git/internal/api/authAdminRouter.go:78.3,78.9 1 0
git.iu7.bmstu.ru/ped22u691/PPO.git/internal/api/authAdminRouter.go:81.2,84.28 2 0
git.iu7.bmstu.ru/ped22u691/PPO.git/internal/api/authEmployeeRouter.go:16.85,21.2 3 0
git.iu7.bmstu.ru/ped22u691/PPO.git/internal/api/authEmployeeRouter.go:34.52,38.47 3 0
git.iu7.bmstu.ru/ped22u691/PPO.git/internal/api/authEmployeeRouter.go:38.47,41.3 2 0
git.iu7.bmstu.ru/ped22u691/PPO.git/internal/api/authEmployeeRouter.go:43.2,44.16 2 0
git.iu7.bmstu.ru/ped22u691/PPO.git/internal/api/authEmployeeRouter.go:44.16,45.54 1 0
git.iu7.bmstu.ru/ped22u691/PPO.git/internal/api/authEmployeeRouter.go:45.54,47.4 1 0
git.iu7.bmstu.ru/ped22u691/PPO.git/internal/api/authEmployeeRouter.go:47.9,47.54 1 0
git.iu7.bmstu.ru/ped22u691/PPO.git/internal/api/authEmployeeRouter.go:47.54,49.4 1 0
git.iu7.bmstu.ru/ped22u691/PPO.git/internal/api/authEmployeeRouter.go:49.9,51.4 1 0
git.iu7.bmstu.ru/ped22u691/PPO.git/internal/api/authEmployeeRouter.go:52.3,52.9 1 0
git.iu7.bmstu.ru/ped22u691/PPO.git/internal/api/authEmployeeRouter.go:55.2,58.28 2 0
git.iu7.bmstu.ru/ped22u691/PPO.git/internal/api/authUserRouter.go:16.77,21.2 4 0
git.iu7.bmstu.ru/ped22u691/PPO.git/internal/api/authUserRouter.go:34.51,38.47 3 0
git.iu7.bmstu.ru/ped22u691/PPO.git/internal/api/authUserRouter.go:38.47,41.3 2 0
git.iu7.bmstu.ru/ped22u691/PPO.git/internal/api/authUserRouter.go:43.2,43.55 1 0
git.iu7.bmstu.ru/ped22u691/PPO.git/internal/api/authUserRouter.go:43.55,44.52 1 0
git.iu7.bmstu.ru/ped22u691/PPO.git/internal/api/authUserRouter.go:44.52,46.4 1 0
git.iu7.bmstu.ru/ped22u691/PPO.git/internal/api/authUserRouter.go:46.9,48.4 1 0
git.iu7.bmstu.ru/ped22u691/PPO.git/internal/api/authUserRouter.go:49.3,49.9 1 0
git.iu7.bmstu.ru/ped22u691/PPO.git/internal/api/authUserRouter.go:51.2,51.32 1 0
git.iu7.bmstu.ru/ped22u691/PPO.git/internal/api/authUserRouter.go:64.48,68.47 3 0
git.iu7.bmstu.ru/ped22u691/PPO.git/internal/api/authUserRouter.go:68.47,71.3 2 0
git.iu7.bmstu.ru/ped22u691/PPO.git/internal/api/authUserRouter.go:73.2,74.16 2 0
git.iu7.bmstu.ru/ped22u691/PPO.git/internal/api/authUserRouter.go:74.16,75.46 1 0
git.iu7.bmstu.ru/ped22u691/PPO.git/internal/api/authUserRouter.go:75.46,77.4 1 0
git.iu7.bmstu.ru/ped22u691/PPO.git/internal/api/authUserRouter.go:77.9,79.4 1 0
git.iu7.bmstu.ru/ped22u691/PPO.git/internal/api/authUserRouter.go:80.3,80.9 1 0
git.iu7.bmstu.ru/ped22u691/PPO.git/internal/api/authUserRouter.go:83.2,86.28 2 0
git.iu7.bmstu.ru/ped22u691/PPO.git/internal/api/authorRouter.go:19.94,29.2 7 0
git.iu7.bmstu.ru/ped22u691/PPO.git/internal/api/authorRouter.go:40.54,43.16 3 0
git.iu7.bmstu.ru/ped22u691/PPO.git/internal/api/authorRouter.go:43.16,46.3 2 0
git.iu7.bmstu.ru/ped22u691/PPO.git/internal/api/authorRouter.go:47.2,48.28 2 0
git.iu7.bmstu.ru/ped22u691/PPO.git/internal/api/authorRouter.go:48.28,50.3 1 0
git.iu7.bmstu.ru/ped22u691/PPO.git/internal/api/authorRouter.go:51.2,51.36 1 0
git.iu7.bmstu.ru/ped22u691/PPO.git/internal/api/authorRouter.go:66.50,70.47 3 0
git.iu7.bmstu.ru/ped22u691/PPO.git/internal/api/authorRouter.go:70.47,73.3 2 0
git.iu7.bmstu.ru/ped22u691/PPO.git/internal/api/authorRouter.go:75.2,76.16 2 0
git.iu7.bmstu.ru/ped22u691/PPO.git/internal/api/authorRouter.go:76.16,79.3 2 0
git.iu7.bmstu.ru/ped22u691/PPO.git/internal/api/authorRouter.go:81.2,82.16 2 0
git.iu7.bmstu.ru/ped22u691/PPO.git/internal/api/authorRouter.go:82.16,85.3 2 0
git.iu7.bmstu.ru/ped22u691/PPO.git/internal/api/authorRouter.go:86.2,86.37 1 0
git.iu7.bmstu.ru/ped22u691/PPO.git/internal/api/authorRouter.go:102.53,106.47 3 0
git.iu7.bmstu.ru/ped22u691/PPO.git/internal/api/authorRouter.go:106.47,109.3 2 0
git.iu7.bmstu.ru/ped22u691/PPO.git/internal/api/authorRouter.go:111.2,118.16 2 0
git.iu7.bmstu.ru/ped22u691/PPO.git/internal/api/authorRouter.go:118.16,119.50 1 0
git.iu7.bmstu.ru/ped22u691/PPO.git/internal/api/authorRouter.go:119.50,121.4 1 0
git.iu7.bmstu.ru/ped22u691/PPO.git/internal/api/authorRouter.go:121.9,123.4 1 0
git.iu7.bmstu.ru/ped22u691/PPO.git/internal/api/authorRouter.go:124.3,124.9 1 0
git.iu7.bmstu.ru/ped22u691/PPO.git/internal/api/authorRouter.go:126.2,126.32 1 0
git.iu7.bmstu.ru/ped22u691/PPO.git/internal/api/authorRouter.go:143.53,147.47 3 0
git.iu7.bmstu.ru/ped22u691/PPO.git/internal/api/authorRouter.go:147.47,150.3 2 0
git.iu7.bmstu.ru/ped22u691/PPO.git/internal/api/authorRouter.go:152.2,153.16 2 0
git.iu7.bmstu.ru/ped22u691/PPO.git/internal/api/authorRouter.go:153.16,154.50 1 0
git.iu7.bmstu.ru/ped22u691/PPO.git/internal/api/authorRouter.go:154.50,156.4 1 0
git.iu7.bmstu.ru/ped22u691/PPO.git/internal/api/authorRouter.go:156.9,156.61 1 0
git.iu7.bmstu.ru/ped22u691/PPO.git/internal/api/authorRouter.go:156.61,158.4 1 0
git.iu7.bmstu.ru/ped22u691/PPO.git/internal/api/authorRouter.go:158.9,160.4 1 0
git.iu7.bmstu.ru/ped22u691/PPO.git/internal/api/authorRouter.go:161.3,161.9 1 0
git.iu7.bmstu.ru/ped22u691/PPO.git/internal/api/authorRouter.go:163.2,163.32 1 0
git.iu7.bmstu.ru/ped22u691/PPO.git/internal/api/buyTicketRouter.go:24.110,34.2 7 0
git.iu7.bmstu.ru/ped22u691/PPO.git/internal/api/buyTicketRouter.go:52.54,55.47 3 0
git.iu7.bmstu.ru/ped22u691/PPO.git/internal/api/buyTicketRouter.go:55.47,58.3 2 0
git.iu7.bmstu.ru/ped22u691/PPO.git/internal/api/buyTicketRouter.go:60.2,63.16 2 0
git.iu7.bmstu.ru/ped22u691/PPO.git/internal/api/buyTicketRouter.go:63.16,64.52 1 0
git.iu7.bmstu.ru/ped22u691/PPO.git/internal/api/buyTicketRouter.go:64.52,66.4 1 0
git.iu7.bmstu.ru/ped22u691/PPO.git/internal/api/buyTicketRouter.go:66.9,66.57 1 0
git.iu7.bmstu.ru/ped22u691/PPO.git/internal/api/buyTicketRouter.go:66.57,68.4 1 0
git.iu7.bmstu.ru/ped22u691/PPO.git/internal/api/buyTicketRouter.go:68.9,68.57 1 0
git.iu7.bmstu.ru/ped22u691/PPO.git/internal/api/buyTicketRouter.go:68.57,70.4 1 0
git.iu7.bmstu.ru/ped22u691/PPO.git/internal/api/buyTicketRouter.go:70.9,72.4 1 0
git.iu7.bmstu.ru/ped22u691/PPO.git/internal/api/buyTicketRouter.go:73.3,73.9 1 0
git.iu7.bmstu.ru/ped22u691/PPO.git/internal/api/buyTicketRouter.go:75.2,77.16 3 0
git.iu7.bmstu.ru/ped22u691/PPO.git/internal/api/buyTicketRouter.go:77.16,80.3 2 0
git.iu7.bmstu.ru/ped22u691/PPO.git/internal/api/buyTicketRouter.go:81.2,85.31 2 0
git.iu7.bmstu.ru/ped22u691/PPO.git/internal/api/buyTicketRouter.go:99.71,103.16 3 0
git.iu7.bmstu.ru/ped22u691/PPO.git/internal/api/buyTicketRouter.go:103.16,104.78 1 0
git.iu7.bmstu.ru/ped22u691/PPO.git/internal/api/buyTicketRouter.go:104.78,106.4 1 0
git.iu7.bmstu.ru/ped22u691/PPO.git/internal/api/buyTicketRouter.go:106.9,108.4 1 0
git.iu7.bmstu.ru/ped22u691/PPO.git/internal/api/buyTicketRouter.go:109.3,109.9 1 0
git.iu7.bmstu.ru/ped22u691/PPO.git/internal/api/buyTicketRouter.go:112.2,113.32 2 0
git.iu7.bmstu.ru/ped22u691/PPO.git/internal/api/buyTicketRouter.go:113.32,115.3 1 0
git.iu7.bmstu.ru/ped22u691/PPO.git/internal/api/buyTicketRouter.go:116.2,116.40 1 0
git.iu7.bmstu.ru/ped22u691/PPO.git/internal/api/buyTicketRouter.go:133.60,136.47 3 0
git.iu7.bmstu.ru/ped22u691/PPO.git/internal/api/buyTicketRouter.go:136.47,139.3 2 0
git.iu7.bmstu.ru/ped22u691/PPO.git/internal/api/buyTicketRouter.go:141.2,142.16 2 0
git.iu7.bmstu.ru/ped22u691/PPO.git/internal/api/buyTicketRouter.go:142.16,143.52 1 0
git.iu7.bmstu.ru/ped22u691/PPO.git/internal/api/buyTicketRouter.go:143.52,145.4 1 0
git.iu7.bmstu.ru/ped22u691/PPO.git/internal/api/buyTicketRouter.go:145.9,145.57 1 0
git.iu7.bmstu.ru/ped22u691/PPO.git/internal/api/buyTicketRouter.go:145.57,147.4 1 0
git.iu7.bmstu.ru/ped22u691/PPO.git/internal/api/buyTicketRouter.go:147.9,149.4 1 0
git.iu7.bmstu.ru/ped22u691/PPO.git/internal/api/buyTicketRouter.go:150.3,150.9 1 0
git.iu7.bmstu.ru/ped22u691/PPO.git/internal/api/buyTicketRouter.go:152.2,152.32 1 0
git.iu7.bmstu.ru/ped22u691/PPO.git/internal/api/buyTicketRouter.go:169.59,172.47 3 0
git.iu7.bmstu.ru/ped22u691/PPO.git/internal/api/buyTicketRouter.go:172.47,175.3 2 0
git.iu7.bmstu.ru/ped22u691/PPO.git/internal/api/buyTicketRouter.go:177.2,178.16 2 0
git.iu7.bmstu.ru/ped22u691/PPO.git/internal/api/buyTicketRouter.go:178.16,179.52 1 0
git.iu7.bmstu.ru/ped22u691/PPO.git/internal/api/buyTicketRouter.go:179.52,181.4 1 0
git.iu7.bmstu.ru/ped22u691/PPO.git/internal/api/buyTicketRouter.go:181.9,181.57 1 0
git.iu7.bmstu.ru/ped22u691/PPO.git/internal/api/buyTicketRouter.go:181.57,183.4 1 0
git.iu7.bmstu.ru/ped22u691/PPO.git/internal/api/buyTicketRouter.go:183.9,185.4 1 0
git.iu7.bmstu.ru/ped22u691/PPO.git/internal/api/buyTicketRouter.go:186.3,186.9 1 0
git.iu7.bmstu.ru/ped22u691/PPO.git/internal/api/buyTicketRouter.go:188.2,188.32 1 0
git.iu7.bmstu.ru/ped22u691/PPO.git/internal/api/collectionRouter.go:19.104,26.2 6 0
git.iu7.bmstu.ru/ped22u691/PPO.git/internal/api/collectionRouter.go:37.62,40.16 3 0
git.iu7.bmstu.ru/ped22u691/PPO.git/internal/api/collectionRouter.go:40.16,43.3 2 0
git.iu7.bmstu.ru/ped22u691/PPO.git/internal/api/collectionRouter.go:44.2,45.25 2 0
git.iu7.bmstu.ru/ped22u691/PPO.git/internal/api/collectionRouter.go:45.25,47.3 1 0
git.iu7.bmstu.ru/ped22u691/PPO.git/internal/api/collectionRouter.go:48.2,48.33 1 0
git.iu7.bmstu.ru/ped22u691/PPO.git/internal/api/collectionRouter.go:63.58,67.47 3 0
git.iu7.bmstu.ru/ped22u691/PPO.git/internal/api/collectionRouter.go:67.47,70.3 2 0
git.iu7.bmstu.ru/ped22u691/PPO.git/internal/api/collectionRouter.go:72.2,73.16 2 0
git.iu7.bmstu.ru/ped22u691/PPO.git/internal/api/collectionRouter.go:73.16,76.3 2 0
git.iu7.bmstu.ru/ped22u691/PPO.git/internal/api/collectionRouter.go:78.2,79.16 2 0
git.iu7.bmstu.ru/ped22u691/PPO.git/internal/api/collectionRouter.go:79.16,82.3 2 0
git.iu7.bmstu.ru/ped22u691/PPO.git/internal/api/collectionRouter.go:83.2,83.37 1 0
git.iu7.bmstu.ru/ped22u691/PPO.git/internal/api/collectionRouter.go:99.61,103.47 3 0
git.iu7.bmstu.ru/ped22u691/PPO.git/internal/api/collectionRouter.go:103.47,106.3 2 0
git.iu7.bmstu.ru/ped22u691/PPO.git/internal/api/collectionRouter.go:108.2,109.16 2 0
git.iu7.bmstu.ru/ped22u691/PPO.git/internal/api/collectionRouter.go:109.16,110.58 1 0
git.iu7.bmstu.ru/ped22u691/PPO.git/internal/api/collectionRouter.go:110.58,112.4 1 0
git.iu7.bmstu.ru/ped22u691/PPO.git/internal/api/collectionRouter.go:112.9,114.4 1 0
git.iu7.bmstu.ru/ped22u691/PPO.git/internal/api/collectionRouter.go:115.3,115.9 1 0
git.iu7.bmstu.ru/ped22u691/PPO.git/internal/api/collectionRouter.go:117.2,117.32 1 0
git.iu7.bmstu.ru/ped22u691/PPO.git/internal/api/collectionRouter.go:133.61,137.47 3 0
git.iu7.bmstu.ru/ped22u691/PPO.git/internal/api/collectionRouter.go:137.47,140.3 2 0
git.iu7.bmstu.ru/ped22u691/PPO.git/internal/api/collectionRouter.go:142.2,143.16 2 0
git.iu7.bmstu.ru/ped22u691/PPO.git/internal/api/collectionRouter.go:143.16,144.58 1 0
git.iu7.bmstu.ru/ped22u691/PPO.git/internal/api/collectionRouter.go:144.58,146.4 1 0
git.iu7.bmstu.ru/ped22u691/PPO.git/internal/api/collectionRouter.go:146.9,148.4 1 0
git.iu7.bmstu.ru/ped22u691/PPO.git/internal/api/collectionRouter.go:149.3,149.9 1 0
git.iu7.bmstu.ru/ped22u691/PPO.git/internal/api/collectionRouter.go:151.2,151.32 1 0
git.iu7.bmstu.ru/ped22u691/PPO.git/internal/api/eventRouter.go:20.92,32.2 9 0
git.iu7.bmstu.ru/ped22u691/PPO.git/internal/api/eventRouter.go:43.52,46.16 3 0
git.iu7.bmstu.ru/ped22u691/PPO.git/internal/api/eventRouter.go:46.16,49.3 2 0
git.iu7.bmstu.ru/ped22u691/PPO.git/internal/api/eventRouter.go:50.2,51.27 2 0
git.iu7.bmstu.ru/ped22u691/PPO.git/internal/api/eventRouter.go:51.27,53.3 1 0
git.iu7.bmstu.ru/ped22u691/PPO.git/internal/api/eventRouter.go:54.2,54.35 1 0
git.iu7.bmstu.ru/ped22u691/PPO.git/internal/api/eventRouter.go:71.48,74.47 3 0
git.iu7.bmstu.ru/ped22u691/PPO.git/internal/api/eventRouter.go:74.47,77.3 2 0
git.iu7.bmstu.ru/ped22u691/PPO.git/internal/api/eventRouter.go:79.2,79.51 1 0
git.iu7.bmstu.ru/ped22u691/PPO.git/internal/api/eventRouter.go:79.51,80.48 1 0
git.iu7.bmstu.ru/ped22u691/PPO.git/internal/api/eventRouter.go:80.48,82.4 1 0
git.iu7.bmstu.ru/ped22u691/PPO.git/internal/api/eventRouter.go:82.9,82.97 1 0
git.iu7.bmstu.ru/ped22u691/PPO.git/internal/api/eventRouter.go:82.97,84.4 1 0
git.iu7.bmstu.ru/ped22u691/PPO.git/internal/api/eventRouter.go:84.9,86.4 1 0
git.iu7.bmstu.ru/ped22u691/PPO.git/internal/api/eventRouter.go:87.3,87.9 1 0
git.iu7.bmstu.ru/ped22u691/PPO.git/internal/api/eventRouter.go:89.2,89.37 1 0
git.iu7.bmstu.ru/ped22u691/PPO.git/internal/api/eventRouter.go:105.51,108.47 3 0
git.iu7.bmstu.ru/ped22u691/PPO.git/internal/api/eventRouter.go:108.47,111.3 2 0
git.iu7.bmstu.ru/ped22u691/PPO.git/internal/api/eventRouter.go:113.2,113.72 1 0
git.iu7.bmstu.ru/ped22u691/PPO.git/internal/api/eventRouter.go:113.72,114.48 1 0
git.iu7.bmstu.ru/ped22u691/PPO.git/internal/api/eventRouter.go:114.48,116.4 1 0
git.iu7.bmstu.ru/ped22u691/PPO.git/internal/api/eventRouter.go:116.9,118.4 1 0
git.iu7.bmstu.ru/ped22u691/PPO.git/internal/api/eventRouter.go:119.3,119.9 1 0
git.iu7.bmstu.ru/ped22u691/PPO.git/internal/api/eventRouter.go:121.2,121.32 1 0
git.iu7.bmstu.ru/ped22u691/PPO.git/internal/api/eventRouter.go:137.51,140.47 3 0
git.iu7.bmstu.ru/ped22u691/PPO.git/internal/api/eventRouter.go:140.47,143.3 2 0
git.iu7.bmstu.ru/ped22u691/PPO.git/internal/api/eventRouter.go:145.2,156.16 2 0
git.iu7.bmstu.ru/ped22u691/PPO.git/internal/api/eventRouter.go:156.16,157.48 1 0
git.iu7.bmstu.ru/ped22u691/PPO.git/internal/api/eventRouter.go:157.48,159.4 1 0
git.iu7.bmstu.ru/ped22u691/PPO.git/internal/api/eventRouter.go:159.9,161.4 1 0
git.iu7.bmstu.ru/ped22u691/PPO.git/internal/api/eventRouter.go:162.3,162.9 1 0
git.iu7.bmstu.ru/ped22u691/PPO.git/internal/api/eventRouter.go:164.2,164.32 1 0
git.iu7.bmstu.ru/ped22u691/PPO.git/internal/api/eventRouter.go:180.57,183.47 3 0
git.iu7.bmstu.ru/ped22u691/PPO.git/internal/api/eventRouter.go:183.47,186.3 2 0
git.iu7.bmstu.ru/ped22u691/PPO.git/internal/api/eventRouter.go:188.2,190.16 3 0
git.iu7.bmstu.ru/ped22u691/PPO.git/internal/api/eventRouter.go:190.16,191.91 1 0
git.iu7.bmstu.ru/ped22u691/PPO.git/internal/api/eventRouter.go:191.91,193.4 1 0
git.iu7.bmstu.ru/ped22u691/PPO.git/internal/api/eventRouter.go:193.9,193.104 1 0
git.iu7.bmstu.ru/ped22u691/PPO.git/internal/api/eventRouter.go:193.104,195.4 1 0
git.iu7.bmstu.ru/ped22u691/PPO.git/internal/api/eventRouter.go:195.9,197.4 1 0
git.iu7.bmstu.ru/ped22u691/PPO.git/internal/api/eventRouter.go:198.3,198.9 1 0
git.iu7.bmstu.ru/ped22u691/PPO.git/internal/api/eventRouter.go:200.2,200.32 1 0
git.iu7.bmstu.ru/ped22u691/PPO.git/internal/api/eventRouter.go:216.62,219.47 3 0
git.iu7.bmstu.ru/ped22u691/PPO.git/internal/api/eventRouter.go:219.47,222.3 2 0
git.iu7.bmstu.ru/ped22u691/PPO.git/internal/api/eventRouter.go:224.2,225.16 2 0
git.iu7.bmstu.ru/ped22u691/PPO.git/internal/api/eventRouter.go:225.16,226.91 1 0
git.iu7.bmstu.ru/ped22u691/PPO.git/internal/api/eventRouter.go:226.91,228.4 1 0
git.iu7.bmstu.ru/ped22u691/PPO.git/internal/api/eventRouter.go:228.9,228.104 1 0
git.iu7.bmstu.ru/ped22u691/PPO.git/internal/api/eventRouter.go:228.104,230.4 1 0
git.iu7.bmstu.ru/ped22u691/PPO.git/internal/api/eventRouter.go:230.9,232.4 1 0
git.iu7.bmstu.ru/ped22u691/PPO.git/internal/api/eventRouter.go:233.3,233.9 1 0
git.iu7.bmstu.ru/ped22u691/PPO.git/internal/api/eventRouter.go:235.2,235.32 1 0
git.iu7.bmstu.ru/ped22u691/PPO.git/internal/api/mailingRouter.go:18.132,27.2 4 0
git.iu7.bmstu.ru/ped22u691/PPO.git/internal/api/mailingRouter.go:40.51,44.16 3 0
git.iu7.bmstu.ru/ped22u691/PPO.git/internal/api/mailingRouter.go:44.16,47.3 2 0
git.iu7.bmstu.ru/ped22u691/PPO.git/internal/api/mailingRouter.go:48.2,48.22 1 0
git.iu7.bmstu.ru/ped22u691/PPO.git/internal/api/mailingRouter.go:48.22,51.3 2 0
git.iu7.bmstu.ru/ped22u691/PPO.git/internal/api/mailingRouter.go:53.2,54.16 2 0
git.iu7.bmstu.ru/ped22u691/PPO.git/internal/api/mailingRouter.go:54.16,57.3 2 0
git.iu7.bmstu.ru/ped22u691/PPO.git/internal/api/mailingRouter.go:58.2,62.29 2 0
git.iu7.bmstu.ru/ped22u691/PPO.git/internal/api/searcherRouter.go:19.88,30.2 5 0
git.iu7.bmstu.ru/ped22u691/PPO.git/internal/api/searcherRouter.go:46.57,51.31 3 0
git.iu7.bmstu.ru/ped22u691/PPO.git/internal/api/searcherRouter.go:51.31,53.3 1 0
git.iu7.bmstu.ru/ped22u691/PPO.git/internal/api/searcherRouter.go:54.2,70.16 4 0
git.iu7.bmstu.ru/ped22u691/PPO.git/internal/api/searcherRouter.go:70.16,73.3 2 0
git.iu7.bmstu.ru/ped22u691/PPO.git/internal/api/searcherRouter.go:74.2,75.29 2 0
git.iu7.bmstu.ru/ped22u691/PPO.git/internal/api/searcherRouter.go:75.29,77.3 1 0
git.iu7.bmstu.ru/ped22u691/PPO.git/internal/api/searcherRouter.go:78.2,78.37 1 0
git.iu7.bmstu.ru/ped22u691/PPO.git/internal/api/searcherRouter.go:94.55,97.55 2 0
git.iu7.bmstu.ru/ped22u691/PPO.git/internal/api/searcherRouter.go:97.55,99.3 1 0
git.iu7.bmstu.ru/ped22u691/PPO.git/internal/api/searcherRouter.go:101.2,103.63 3 0
git.iu7.bmstu.ru/ped22u691/PPO.git/internal/api/searcherRouter.go:103.63,105.17 2 0
git.iu7.bmstu.ru/ped22u691/PPO.git/internal/api/searcherRouter.go:105.17,108.4 2 0
git.iu7.bmstu.ru/ped22u691/PPO.git/internal/api/searcherRouter.go:109.3,109.34 1 0
git.iu7.bmstu.ru/ped22u691/PPO.git/internal/api/searcherRouter.go:111.2,111.57 1 0
git.iu7.bmstu.ru/ped22u691/PPO.git/internal/api/searcherRouter.go:111.57,113.17 2 0
git.iu7.bmstu.ru/ped22u691/PPO.git/internal/api/searcherRouter.go:113.17,116.4 2 0
git.iu7.bmstu.ru/ped22u691/PPO.git/internal/api/searcherRouter.go:117.3,117.30 1 0
git.iu7.bmstu.ru/ped22u691/PPO.git/internal/api/searcherRouter.go:119.2,119.60 1 0
git.iu7.bmstu.ru/ped22u691/PPO.git/internal/api/searcherRouter.go:119.60,121.17 2 0
git.iu7.bmstu.ru/ped22u691/PPO.git/internal/api/searcherRouter.go:121.17,124.4 2 0
git.iu7.bmstu.ru/ped22u691/PPO.git/internal/api/searcherRouter.go:125.3,125.35 1 0
git.iu7.bmstu.ru/ped22u691/PPO.git/internal/api/searcherRouter.go:128.2,129.16 2 0
git.iu7.bmstu.ru/ped22u691/PPO.git/internal/api/searcherRouter.go:129.16,130.53 1 0
git.iu7.bmstu.ru/ped22u691/PPO.git/internal/api/searcherRouter.go:130.53,132.4 1 0
git.iu7.bmstu.ru/ped22u691/PPO.git/internal/api/searcherRouter.go:132.9,134.4 1 0
git.iu7.bmstu.ru/ped22u691/PPO.git/internal/api/searcherRouter.go:135.3,135.9 1 0
git.iu7.bmstu.ru/ped22u691/PPO.git/internal/api/searcherRouter.go:137.2,138.27 2 0
git.iu7.bmstu.ru/ped22u691/PPO.git/internal/api/searcherRouter.go:138.27,140.3 1 0
git.iu7.bmstu.ru/ped22u691/PPO.git/internal/api/searcherRouter.go:141.2,141.35 1 0
git.iu7.bmstu.ru/ped22u691/PPO.git/internal/api/userRouter.go:15.90,25.2 5 0
git.iu7.bmstu.ru/ped22u691/PPO.git/internal/api/userRouter.go:36.46,40.16 3 0
git.iu7.bmstu.ru/ped22u691/PPO.git/internal/api/userRouter.go:40.16,43.3 2 0
git.iu7.bmstu.ru/ped22u691/PPO.git/internal/api/userRouter.go:44.2,45.29 2 0
git.iu7.bmstu.ru/ped22u691/PPO.git/internal/api/userRouter.go:60.63,64.47 3 0
git.iu7.bmstu.ru/ped22u691/PPO.git/internal/api/userRouter.go:64.47,67.3 2 0
git.iu7.bmstu.ru/ped22u691/PPO.git/internal/api/userRouter.go:68.2,69.16 2 0
git.iu7.bmstu.ru/ped22u691/PPO.git/internal/api/userRouter.go:69.16,72.3 2 0
git.iu7.bmstu.ru/ped22u691/PPO.git/internal/api/userRouter.go:73.2,73.32 1 0
git.iu7.bmstu.ru/ped22u691/PPO.git/internal/models/admin.go:27.131,37.16 3 0
git.iu7.bmstu.ru/ped22u691/PPO.git/internal/models/admin.go:37.16,39.3 1 0
git.iu7.bmstu.ru/ped22u691/PPO.git/internal/models/admin.go:40.2,40.19 1 0
git.iu7.bmstu.ru/ped22u691/PPO.git/internal/models/admin.go:43.34,44.46 1 0
git.iu7.bmstu.ru/ped22u691/PPO.git/internal/models/admin.go:44.46,46.3 1 0
git.iu7.bmstu.ru/ped22u691/PPO.git/internal/models/admin.go:46.8,46.47 1 0
git.iu7.bmstu.ru/ped22u691/PPO.git/internal/models/admin.go:46.47,48.3 1 0
git.iu7.bmstu.ru/ped22u691/PPO.git/internal/models/admin.go:48.8,48.66 1 0
git.iu7.bmstu.ru/ped22u691/PPO.git/internal/models/admin.go:48.66,50.3 1 0
git.iu7.bmstu.ru/ped22u691/PPO.git/internal/models/admin.go:50.8,50.33 1 0
git.iu7.bmstu.ru/ped22u691/PPO.git/internal/models/admin.go:50.33,52.3 1 0
git.iu7.bmstu.ru/ped22u691/PPO.git/internal/models/admin.go:53.2,53.12 1 0
git.iu7.bmstu.ru/ped22u691/PPO.git/internal/models/admin.go:57.35,59.2 1 0
git.iu7.bmstu.ru/ped22u691/PPO.git/internal/models/admin.go:62.38,64.2 1 0
git.iu7.bmstu.ru/ped22u691/PPO.git/internal/models/admin.go:67.35,69.2 1 0
git.iu7.bmstu.ru/ped22u691/PPO.git/internal/models/admin.go:72.44,74.2 1 0
git.iu7.bmstu.ru/ped22u691/PPO.git/internal/models/admin.go:77.42,79.2 1 0
git.iu7.bmstu.ru/ped22u691/PPO.git/internal/models/admin.go:82.32,84.2 1 0
git.iu7.bmstu.ru/ped22u691/PPO.git/internal/models/admin.go:87.38,89.2 1 0
git.iu7.bmstu.ru/ped22u691/PPO.git/internal/models/artwork.go:47.20,59.43 2 0
git.iu7.bmstu.ru/ped22u691/PPO.git/internal/models/artwork.go:59.43,61.3 1 0
git.iu7.bmstu.ru/ped22u691/PPO.git/internal/models/artwork.go:63.2,63.21 1 0
git.iu7.bmstu.ru/ped22u691/PPO.git/internal/models/artwork.go:66.36,67.9 1 0
git.iu7.bmstu.ru/ped22u691/PPO.git/internal/models/artwork.go:68.21,69.30 1 0
git.iu7.bmstu.ru/ped22u691/PPO.git/internal/models/artwork.go:70.26,71.32 1 0
git.iu7.bmstu.ru/ped22u691/PPO.git/internal/models/artwork.go:72.23,73.32 1 0
git.iu7.bmstu.ru/ped22u691/PPO.git/internal/models/artwork.go:74.28,75.34 1 0
git.iu7.bmstu.ru/ped22u691/PPO.git/internal/models/artwork.go:76.24,77.33 1 0
git.iu7.bmstu.ru/ped22u691/PPO.git/internal/models/artwork.go:78.29,79.35 1 0
git.iu7.bmstu.ru/ped22u691/PPO.git/internal/models/artwork.go:80.20,81.29 1 0
git.iu7.bmstu.ru/ped22u691/PPO.git/internal/models/artwork.go:82.24,83.31 1 0
git.iu7.bmstu.ru/ped22u691/PPO.git/internal/models/artwork.go:84.26,85.31 1 0
git.iu7.bmstu.ru/ped22u691/PPO.git/internal/models/artwork.go:86.23,87.33 1 0
git.iu7.bmstu.ru/ped22u691/PPO.git/internal/models/artwork.go:88.27,89.37 1 0
git.iu7.bmstu.ru/ped22u691/PPO.git/internal/models/artwork.go:93.2,95.81 3 0
git.iu7.bmstu.ru/ped22u691/PPO.git/internal/models/artwork.go:95.81,97.3 1 0
git.iu7.bmstu.ru/ped22u691/PPO.git/internal/models/artwork.go:98.2,98.12 1 0
git.iu7.bmstu.ru/ped22u691/PPO.git/internal/models/artwork.go:101.67,112.2 1 0
git.iu7.bmstu.ru/ped22u691/PPO.git/internal/models/artwork.go:114.37,116.2 1 0
git.iu7.bmstu.ru/ped22u691/PPO.git/internal/models/artwork.go:118.37,120.2 1 0
git.iu7.bmstu.ru/ped22u691/PPO.git/internal/models/artwork.go:122.41,124.2 1 0
git.iu7.bmstu.ru/ped22u691/PPO.git/internal/models/artwork.go:126.39,128.2 1 0
git.iu7.bmstu.ru/ped22u691/PPO.git/internal/models/artwork.go:130.47,132.2 1 0
git.iu7.bmstu.ru/ped22u691/PPO.git/internal/models/artwork.go:134.36,136.2 1 0
git.iu7.bmstu.ru/ped22u691/PPO.git/internal/models/artwork.go:138.40,140.2 1 0
git.iu7.bmstu.ru/ped22u691/PPO.git/internal/models/artwork.go:142.39,144.2 1 0
git.iu7.bmstu.ru/ped22u691/PPO.git/internal/models/artwork.go:146.69,154.41 7 0
git.iu7.bmstu.ru/ped22u691/PPO.git/internal/models/artwork.go:154.41,156.3 1 0
git.iu7.bmstu.ru/ped22u691/PPO.git/internal/models/artwork.go:158.2,159.12 2 0
git.iu7.bmstu.ru/ped22u691/PPO.git/internal/models/author.go:33.89,40.42 2 0
git.iu7.bmstu.ru/ped22u691/PPO.git/internal/models/author.go:40.42,42.3 1 0
git.iu7.bmstu.ru/ped22u691/PPO.git/internal/models/author.go:43.2,43.20 1 0
git.iu7.bmstu.ru/ped22u691/PPO.git/internal/models/author.go:46.35,47.9 1 0
git.iu7.bmstu.ru/ped22u691/PPO.git/internal/models/author.go:48.20,49.28 1 0
git.iu7.bmstu.ru/ped22u691/PPO.git/internal/models/author.go:50.25,51.30 1 0
git.iu7.bmstu.ru/ped22u691/PPO.git/internal/models/author.go:52.24,53.35 1 0
git.iu7.bmstu.ru/ped22u691/PPO.git/internal/models/author.go:54.23,55.35 1 0
git.iu7.bmstu.ru/ped22u691/PPO.git/internal/models/author.go:56.54,57.34 1 0
git.iu7.bmstu.ru/ped22u691/PPO.git/internal/models/author.go:59.2,59.12 1 0
git.iu7.bmstu.ru/ped22u691/PPO.git/internal/models/author.go:62.64,69.2 1 0
git.iu7.bmstu.ru/ped22u691/PPO.git/internal/models/author.go:71.39,73.2 1 0
git.iu7.bmstu.ru/ped22u691/PPO.git/internal/models/author.go:75.38,77.2 1 0
git.iu7.bmstu.ru/ped22u691/PPO.git/internal/models/author.go:79.37,81.2 1 0
git.iu7.bmstu.ru/ped22u691/PPO.git/internal/models/author.go:83.37,85.2 1 0
git.iu7.bmstu.ru/ped22u691/PPO.git/internal/models/author.go:87.58,93.16 6 0
git.iu7.bmstu.ru/ped22u691/PPO.git/internal/models/author.go:93.16,95.3 1 0
git.iu7.bmstu.ru/ped22u691/PPO.git/internal/models/author.go:96.2,97.12 2 0
git.iu7.bmstu.ru/ped22u691/PPO.git/internal/models/buyticketTx.go:39.29,40.21 1 0
git.iu7.bmstu.ru/ped22u691/PPO.git/internal/models/buyticketTx.go:40.21,42.3 1 0
git.iu7.bmstu.ru/ped22u691/PPO.git/internal/models/buyticketTx.go:43.2,44.16 2 0
git.iu7.bmstu.ru/ped22u691/PPO.git/internal/models/buyticketTx.go:44.16,46.3 1 0
git.iu7.bmstu.ru/ped22u691/PPO.git/internal/models/buyticketTx.go:47.2,51.8 1 0
git.iu7.bmstu.ru/ped22u691/PPO.git/internal/models/buyticketTx.go:54.53,71.2 3 0
git.iu7.bmstu.ru/ped22u691/PPO.git/internal/models/buyticketTx.go:73.56,75.54 2 0
git.iu7.bmstu.ru/ped22u691/PPO.git/internal/models/buyticketTx.go:75.54,77.3 1 0
git.iu7.bmstu.ru/ped22u691/PPO.git/internal/models/buyticketTx.go:79.2,90.12 4 0
git.iu7.bmstu.ru/ped22u691/PPO.git/internal/models/buyticketTx.go:93.94,108.2 2 0
git.iu7.bmstu.ru/ped22u691/PPO.git/internal/models/buyticketTx.go:110.46,112.2 1 0
git.iu7.bmstu.ru/ped22u691/PPO.git/internal/models/buyticketTx.go:114.53,116.2 1 0
git.iu7.bmstu.ru/ped22u691/PPO.git/internal/models/buyticketTx.go:118.64,120.2 1 0
git.iu7.bmstu.ru/ped22u691/PPO.git/internal/models/buyticketTx.go:122.48,124.2 1 0
git.iu7.bmstu.ru/ped22u691/PPO.git/internal/models/collection.go:25.68,31.46 2 0
git.iu7.bmstu.ru/ped22u691/PPO.git/internal/models/collection.go:31.46,33.3 1 0
git.iu7.bmstu.ru/ped22u691/PPO.git/internal/models/collection.go:35.2,35.24 1 0
git.iu7.bmstu.ru/ped22u691/PPO.git/internal/models/collection.go:38.39,39.9 1 0
git.iu7.bmstu.ru/ped22u691/PPO.git/internal/models/collection.go:40.21,41.33 1 0
git.iu7.bmstu.ru/ped22u691/PPO.git/internal/models/collection.go:42.26,43.35 1 0
git.iu7.bmstu.ru/ped22u691/PPO.git/internal/models/collection.go:45.2,45.12 1 0
git.iu7.bmstu.ru/ped22u691/PPO.git/internal/models/collection.go:48.76,53.2 1 0
git.iu7.bmstu.ru/ped22u691/PPO.git/internal/models/collection.go:69.40,71.2 1 0
git.iu7.bmstu.ru/ped22u691/PPO.git/internal/models/collection.go:73.40,75.2 1 0
git.iu7.bmstu.ru/ped22u691/PPO.git/internal/models/collection.go:77.66,80.41 3 0
git.iu7.bmstu.ru/ped22u691/PPO.git/internal/models/collection.go:80.41,82.3 1 0
git.iu7.bmstu.ru/ped22u691/PPO.git/internal/models/collection.go:83.2,84.12 2 0
git.iu7.bmstu.ru/ped22u691/PPO.git/internal/models/employee.go:31.72,42.16 3 0
git.iu7.bmstu.ru/ped22u691/PPO.git/internal/models/employee.go:42.16,44.3 1 0
git.iu7.bmstu.ru/ped22u691/PPO.git/internal/models/employee.go:45.2,45.22 1 0
git.iu7.bmstu.ru/ped22u691/PPO.git/internal/models/employee.go:48.37,49.46 1 0
git.iu7.bmstu.ru/ped22u691/PPO.git/internal/models/employee.go:49.46,51.3 1 0
git.iu7.bmstu.ru/ped22u691/PPO.git/internal/models/employee.go:51.8,51.47 1 0
git.iu7.bmstu.ru/ped22u691/PPO.git/internal/models/employee.go:51.47,53.3 1 0
git.iu7.bmstu.ru/ped22u691/PPO.git/internal/models/employee.go:53.8,53.66 1 0
git.iu7.bmstu.ru/ped22u691/PPO.git/internal/models/employee.go:53.66,55.3 1 0
git.iu7.bmstu.ru/ped22u691/PPO.git/internal/models/employee.go:55.8,55.33 1 0
git.iu7.bmstu.ru/ped22u691/PPO.git/internal/models/employee.go:55.33,57.3 1 0
git.iu7.bmstu.ru/ped22u691/PPO.git/internal/models/employee.go:57.8,57.34 1 0
git.iu7.bmstu.ru/ped22u691/PPO.git/internal/models/employee.go:57.34,59.3 1 0
git.iu7.bmstu.ru/ped22u691/PPO.git/internal/models/employee.go:60.2,60.12 1 0
git.iu7.bmstu.ru/ped22u691/PPO.git/internal/models/employee.go:63.38,65.2 1 0
git.iu7.bmstu.ru/ped22u691/PPO.git/internal/models/employee.go:67.41,69.2 1 0
git.iu7.bmstu.ru/ped22u691/PPO.git/internal/models/employee.go:71.38,73.2 1 0
git.iu7.bmstu.ru/ped22u691/PPO.git/internal/models/employee.go:75.47,77.2 1 0
git.iu7.bmstu.ru/ped22u691/PPO.git/internal/models/employee.go:79.45,81.2 1 0
git.iu7.bmstu.ru/ped22u691/PPO.git/internal/models/employee.go:83.35,85.2 1 0
git.iu7.bmstu.ru/ped22u691/PPO.git/internal/models/employee.go:87.41,89.2 1 0
git.iu7.bmstu.ru/ped22u691/PPO.git/internal/models/employee.go:91.43,93.2 1 0
git.iu7.bmstu.ru/ped22u691/PPO.git/internal/models/employee.go:95.70,104.2 1 0
git.iu7.bmstu.ru/ped22u691/PPO.git/internal/models/event.go:53.18,67.41 2 0
git.iu7.bmstu.ru/ped22u691/PPO.git/internal/models/event.go:67.41,69.3 1 0
git.iu7.bmstu.ru/ped22u691/PPO.git/internal/models/event.go:71.2,71.19 1 0
git.iu7.bmstu.ru/ped22u691/PPO.git/internal/models/event.go:74.34,75.9 1 0
git.iu7.bmstu.ru/ped22u691/PPO.git/internal/models/event.go:76.21,77.28 1 0
git.iu7.bmstu.ru/ped22u691/PPO.git/internal/models/event.go:78.26,79.30 1 0
git.iu7.bmstu.ru/ped22u691/PPO.git/internal/models/event.go:80.37,81.30 1 0
git.iu7.bmstu.ru/ped22u691/PPO.git/internal/models/event.go:82.23,83.30 1 0
git.iu7.bmstu.ru/ped22u691/PPO.git/internal/models/event.go:84.28,85.32 1 0
git.iu7.bmstu.ru/ped22u691/PPO.git/internal/models/event.go:86.32,87.33 1 0
git.iu7.bmstu.ru/ped22u691/PPO.git/internal/models/event.go:88.24,89.33 1 0
git.iu7.bmstu.ru/ped22u691/PPO.git/internal/models/event.go:90.39,91.31 1 0
git.iu7.bmstu.ru/ped22u691/PPO.git/internal/models/event.go:93.2,93.12 1 0
git.iu7.bmstu.ru/ped22u691/PPO.git/internal/models/event.go:96.45,98.25 2 0
git.iu7.bmstu.ru/ped22u691/PPO.git/internal/models/event.go:98.25,99.36 1 0
git.iu7.bmstu.ru/ped22u691/PPO.git/internal/models/event.go:99.36,101.4 1 0
git.iu7.bmstu.ru/ped22u691/PPO.git/internal/models/event.go:102.3,102.24 1 0
git.iu7.bmstu.ru/ped22u691/PPO.git/internal/models/event.go:104.2,104.14 1 0
git.iu7.bmstu.ru/ped22u691/PPO.git/internal/models/event.go:107.36,119.2 1 0
git.iu7.bmstu.ru/ped22u691/PPO.git/internal/models/event.go:121.35,123.2 1 0
git.iu7.bmstu.ru/ped22u691/PPO.git/internal/models/event.go:125.35,127.2 1 0
git.iu7.bmstu.ru/ped22u691/PPO.git/internal/models/event.go:129.42,131.2 1 0
git.iu7.bmstu.ru/ped22u691/PPO.git/internal/models/event.go:133.40,135.2 1 0
git.iu7.bmstu.ru/ped22u691/PPO.git/internal/models/event.go:137.37,139.2 1 0
git.iu7.bmstu.ru/ped22u691/PPO.git/internal/models/event.go:141.34,143.2 1 0
git.iu7.bmstu.ru/ped22u691/PPO.git/internal/models/event.go:145.43,147.2 1 0
git.iu7.bmstu.ru/ped22u691/PPO.git/internal/models/event.go:149.38,151.2 1 0
git.iu7.bmstu.ru/ped22u691/PPO.git/internal/models/event.go:153.44,155.2 1 0
git.iu7.bmstu.ru/ped22u691/PPO.git/internal/models/event.go:157.32,159.2 1 0
git.iu7.bmstu.ru/ped22u691/PPO.git/internal/models/event.go:161.54,162.37 1 0
git.iu7.bmstu.ru/ped22u691/PPO.git/internal/models/event.go:162.37,163.37 1 0
git.iu7.bmstu.ru/ped22u691/PPO.git/internal/models/event.go:163.37,165.4 1 0
git.iu7.bmstu.ru/ped22u691/PPO.git/internal/models/event.go:167.2,168.12 2 0
git.iu7.bmstu.ru/ped22u691/PPO.git/internal/models/event.go:171.54,172.33 1 0
git.iu7.bmstu.ru/ped22u691/PPO.git/internal/models/event.go:172.33,173.17 1 0
git.iu7.bmstu.ru/ped22u691/PPO.git/internal/models/event.go:173.17,176.4 2 0
git.iu7.bmstu.ru/ped22u691/PPO.git/internal/models/event.go:178.2,178.25 1 0
git.iu7.bmstu.ru/ped22u691/PPO.git/internal/models/event.go:181.66,191.41 9 0
git.iu7.bmstu.ru/ped22u691/PPO.git/internal/models/event.go:191.41,193.3 1 0
git.iu7.bmstu.ru/ped22u691/PPO.git/internal/models/event.go:194.2,195.12 2 0
git.iu7.bmstu.ru/ped22u691/PPO.git/internal/models/event.go:198.61,211.2 1 0
git.iu7.bmstu.ru/ped22u691/PPO.git/internal/models/ticketPurchases.go:46.27,56.38 2 0
git.iu7.bmstu.ru/ped22u691/PPO.git/internal/models/ticketPurchases.go:56.38,58.3 1 0
git.iu7.bmstu.ru/ped22u691/PPO.git/internal/models/ticketPurchases.go:60.2,60.16 1 0
git.iu7.bmstu.ru/ped22u691/PPO.git/internal/models/ticketPurchases.go:63.44,64.9 1 0
git.iu7.bmstu.ru/ped22u691/PPO.git/internal/models/ticketPurchases.go:65.29,66.36 1 0
git.iu7.bmstu.ru/ped22u691/PPO.git/internal/models/ticketPurchases.go:67.34,68.38 1 0
git.iu7.bmstu.ru/ped22u691/PPO.git/internal/models/ticketPurchases.go:69.35,70.39 1 0
git.iu7.bmstu.ru/ped22u691/PPO.git/internal/models/ticketPurchases.go:71.39,72.39 1 0
git.iu7.bmstu.ru/ped22u691/PPO.git/internal/models/ticketPurchases.go:73.30,74.39 1 0
git.iu7.bmstu.ru/ped22u691/PPO.git/internal/models/ticketPurchases.go:75.32,76.38 1 0
git.iu7.bmstu.ru/ped22u691/PPO.git/internal/models/ticketPurchases.go:78.2,78.12 1 0
git.iu7.bmstu.ru/ped22u691/PPO.git/internal/models/ticketPurchases.go:81.45,83.2 1 0
git.iu7.bmstu.ru/ped22u691/PPO.git/internal/models/ticketPurchases.go:85.52,87.2 1 0
git.iu7.bmstu.ru/ped22u691/PPO.git/internal/models/ticketPurchases.go:89.53,91.2 1 0
git.iu7.bmstu.ru/ped22u691/PPO.git/internal/models/ticketPurchases.go:93.55,95.2 1 0
git.iu7.bmstu.ru/ped22u691/PPO.git/internal/models/ticketPurchases.go:97.50,99.2 1 0
git.iu7.bmstu.ru/ped22u691/PPO.git/internal/models/ticketPurchases.go:101.49,103.2 1 0
git.iu7.bmstu.ru/ped22u691/PPO.git/internal/models/ticketPurchases.go:105.88,114.2 1 0
git.iu7.bmstu.ru/ped22u691/PPO.git/internal/models/user.go:31.150,42.16 3 0
git.iu7.bmstu.ru/ped22u691/PPO.git/internal/models/user.go:42.16,44.3 1 0
git.iu7.bmstu.ru/ped22u691/PPO.git/internal/models/user.go:45.2,45.18 1 0
git.iu7.bmstu.ru/ped22u691/PPO.git/internal/models/user.go:48.33,49.46 1 0
git.iu7.bmstu.ru/ped22u691/PPO.git/internal/models/user.go:49.46,51.3 1 0
git.iu7.bmstu.ru/ped22u691/PPO.git/internal/models/user.go:51.8,51.47 1 0
git.iu7.bmstu.ru/ped22u691/PPO.git/internal/models/user.go:51.47,53.3 1 0
git.iu7.bmstu.ru/ped22u691/PPO.git/internal/models/user.go:53.8,53.66 1 0
git.iu7.bmstu.ru/ped22u691/PPO.git/internal/models/user.go:53.66,55.3 1 0
git.iu7.bmstu.ru/ped22u691/PPO.git/internal/models/user.go:55.8,55.33 1 0
git.iu7.bmstu.ru/ped22u691/PPO.git/internal/models/user.go:55.33,57.3 1 0
git.iu7.bmstu.ru/ped22u691/PPO.git/internal/models/user.go:57.8,57.57 1 0
git.iu7.bmstu.ru/ped22u691/PPO.git/internal/models/user.go:57.57,59.3 1 0
git.iu7.bmstu.ru/ped22u691/PPO.git/internal/models/user.go:60.2,60.12 1 0
git.iu7.bmstu.ru/ped22u691/PPO.git/internal/models/user.go:63.34,64.28 1 0
git.iu7.bmstu.ru/ped22u691/PPO.git/internal/models/user.go:64.28,66.3 1 0
git.iu7.bmstu.ru/ped22u691/PPO.git/internal/models/user.go:68.2,73.39 1 0
git.iu7.bmstu.ru/ped22u691/PPO.git/internal/models/user.go:76.34,78.2 1 0
git.iu7.bmstu.ru/ped22u691/PPO.git/internal/models/user.go:80.37,82.2 1 0
git.iu7.bmstu.ru/ped22u691/PPO.git/internal/models/user.go:84.34,86.2 1 0
git.iu7.bmstu.ru/ped22u691/PPO.git/internal/models/user.go:88.43,90.2 1 0
git.iu7.bmstu.ru/ped22u691/PPO.git/internal/models/user.go:92.41,94.2 1 0
git.iu7.bmstu.ru/ped22u691/PPO.git/internal/models/user.go:96.34,98.2 1 0
git.iu7.bmstu.ru/ped22u691/PPO.git/internal/models/user.go:100.42,102.2 1 0
git.iu7.bmstu.ru/ped22u691/PPO.git/internal/models/user.go:114.38,117.2 2 0
git.iu7.bmstu.ru/ped22u691/PPO.git/internal/models/user.go:119.58,128.2 1 0
git.iu7.bmstu.ru/ped22u691/PPO.git/internal/models/user.go:130.66,137.2 1 0
git.iu7.bmstu.ru/ped22u691/PPO.git/internal/pgtest/container.go:21.103,27.2 3 0
git.iu7.bmstu.ru/ped22u691/PPO.git/internal/pgtest/container.go:29.136,53.16 5 0
git.iu7.bmstu.ru/ped22u691/PPO.git/internal/pgtest/container.go:53.16,55.3 1 0
git.iu7.bmstu.ru/ped22u691/PPO.git/internal/pgtest/container.go:57.2,58.16 2 0
git.iu7.bmstu.ru/ped22u691/PPO.git/internal/pgtest/container.go:58.16,60.3 1 0
git.iu7.bmstu.ru/ped22u691/PPO.git/internal/pgtest/container.go:62.2,63.16 2 0
git.iu7.bmstu.ru/ped22u691/PPO.git/internal/pgtest/container.go:63.16,65.3 1 0
git.iu7.bmstu.ru/ped22u691/PPO.git/internal/pgtest/container.go:66.2,75.24 3 0
git.iu7.bmstu.ru/ped22u691/PPO.git/internal/pgtest/migrate.go:14.99,24.16 5 0
git.iu7.bmstu.ru/ped22u691/PPO.git/internal/pgtest/migrate.go:24.16,26.3 1 0
git.iu7.bmstu.ru/ped22u691/PPO.git/internal/pgtest/migrate.go:27.2,29.16 3 0
git.iu7.bmstu.ru/ped22u691/PPO.git/internal/pgtest/migrate.go:29.16,31.3 1 0
git.iu7.bmstu.ru/ped22u691/PPO.git/internal/pgtest/migrate.go:32.2,32.12 1 0
git.iu7.bmstu.ru/ped22u691/PPO.git/internal/pgtest/migrate.go:36.101,40.16 4 0
git.iu7.bmstu.ru/ped22u691/PPO.git/internal/pgtest/migrate.go:40.16,42.3 1 0
git.iu7.bmstu.ru/ped22u691/PPO.git/internal/pgtest/migrate.go:43.2,45.16 3 0
git.iu7.bmstu.ru/ped22u691/PPO.git/internal/pgtest/migrate.go:45.16,47.3 1 0
git.iu7.bmstu.ru/ped22u691/PPO.git/internal/pgtest/migrate.go:48.2,48.12 1 0
git.iu7.bmstu.ru/ped22u691/PPO.git/internal/query_time/draw_graph.go:20.48,22.16 2 0
git.iu7.bmstu.ru/ped22u691/PPO.git/internal/query_time/draw_graph.go:22.16,24.3 1 0
git.iu7.bmstu.ru/ped22u691/PPO.git/internal/query_time/draw_graph.go:25.2,32.21 6 0
git.iu7.bmstu.ru/ped22u691/PPO.git/internal/query_time/draw_graph.go:32.21,34.17 2 0
git.iu7.bmstu.ru/ped22u691/PPO.git/internal/query_time/draw_graph.go:34.17,36.4 1 0
git.iu7.bmstu.ru/ped22u691/PPO.git/internal/query_time/draw_graph.go:37.3,39.20 3 0
git.iu7.bmstu.ru/ped22u691/PPO.git/internal/query_time/draw_graph.go:41.2,41.26 1 0
git.iu7.bmstu.ru/ped22u691/PPO.git/internal/query_time/draw_graph.go:41.26,43.3 1 0
git.iu7.bmstu.ru/ped22u691/PPO.git/internal/query_time/draw_graph.go:44.2,47.35 3 0
git.iu7.bmstu.ru/ped22u691/PPO.git/internal/query_time/draw_graph.go:47.35,49.3 1 0
git.iu7.bmstu.ru/ped22u691/PPO.git/internal/query_time/draw_graph.go:50.2,53.13 4 0
git.iu7.bmstu.ru/ped22u691/PPO.git/internal/query_time/draw_graph.go:53.13,55.3 1 0
git.iu7.bmstu.ru/ped22u691/PPO.git/internal/query_time/draw_graph.go:56.2,56.17 1 0
git.iu7.bmstu.ru/ped22u691/PPO.git/internal/query_time/draw_graph.go:59.69,60.31 1 0
git.iu7.bmstu.ru/ped22u691/PPO.git/internal/query_time/draw_graph.go:60.31,62.3 1 0
git.iu7.bmstu.ru/ped22u691/PPO.git/internal/query_time/draw_graph.go:64.2,69.38 5 0
git.iu7.bmstu.ru/ped22u691/PPO.git/internal/query_time/draw_graph.go:69.38,72.17 3 0
git.iu7.bmstu.ru/ped22u691/PPO.git/internal/query_time/draw_graph.go:72.17,74.4 1 0
git.iu7.bmstu.ru/ped22u691/PPO.git/internal/query_time/draw_graph.go:75.3,77.17 3 0
git.iu7.bmstu.ru/ped22u691/PPO.git/internal/query_time/draw_graph.go:77.17,79.4 1 0
git.iu7.bmstu.ru/ped22u691/PPO.git/internal/query_time/draw_graph.go:80.3,83.60 4 0
git.iu7.bmstu.ru/ped22u691/PPO.git/internal/query_time/draw_graph.go:87.2,92.30 4 0
git.iu7.bmstu.ru/ped22u691/PPO.git/internal/query_time/draw_graph.go:92.30,95.3 2 0
git.iu7.bmstu.ru/ped22u691/PPO.git/internal/query_time/draw_graph.go:98.2,99.16 2 0
git.iu7.bmstu.ru/ped22u691/PPO.git/internal/query_time/draw_graph.go:99.16,100.13 1 0
git.iu7.bmstu.ru/ped22u691/PPO.git/internal/query_time/draw_graph.go:102.2,107.16 4 0
git.iu7.bmstu.ru/ped22u691/PPO.git/internal/query_time/draw_graph.go:107.16,108.13 1 0
git.iu7.bmstu.ru/ped22u691/PPO.git/internal/query_time/draw_graph.go:110.2,141.34 23 0
git.iu7.bmstu.ru/ped22u691/PPO.git/internal/query_time/draw_graph.go:141.34,142.21 1 0
git.iu7.bmstu.ru/ped22u691/PPO.git/internal/query_time/draw_graph.go:142.21,144.4 1 0
git.iu7.bmstu.ru/ped22u691/PPO.git/internal/query_time/draw_graph.go:144.9,146.4 1 0
git.iu7.bmstu.ru/ped22u691/PPO.git/internal/query_time/draw_graph.go:149.2,152.64 3 0
git.iu7.bmstu.ru/ped22u691/PPO.git/internal/query_time/draw_graph.go:152.64,154.3 1 0
git.iu7.bmstu.ru/ped22u691/PPO.git/internal/query_time/draw_graph.go:155.2,155.12 1 0
git.iu7.bmstu.ru/ped22u691/PPO.git/internal/query_time/queryTime.go:43.40,46.22 2 0
git.iu7.bmstu.ru/ped22u691/PPO.git/internal/query_time/queryTime.go:46.22,50.17 3 0
git.iu7.bmstu.ru/ped22u691/PPO.git/internal/query_time/queryTime.go:50.17,53.4 2 0
git.iu7.bmstu.ru/ped22u691/PPO.git/internal/query_time/queryTime.go:56.3,59.17 4 0
git.iu7.bmstu.ru/ped22u691/PPO.git/internal/query_time/queryTime.go:59.17,62.4 2 0
git.iu7.bmstu.ru/ped22u691/PPO.git/internal/query_time/queryTime.go:65.3,68.17 3 0
git.iu7.bmstu.ru/ped22u691/PPO.git/internal/query_time/queryTime.go:68.17,71.4 2 0
git.iu7.bmstu.ru/ped22u691/PPO.git/internal/query_time/queryTime.go:72.3,72.45 1 0
git.iu7.bmstu.ru/ped22u691/PPO.git/internal/query_time/queryTime.go:72.45,76.4 3 0
git.iu7.bmstu.ru/ped22u691/PPO.git/internal/query_time/queryTime.go:79.3,84.34 5 0
git.iu7.bmstu.ru/ped22u691/PPO.git/internal/query_time/queryTime.go:86.2,86.19 1 0
git.iu7.bmstu.ru/ped22u691/PPO.git/internal/query_time/queryTime.go:86.19,88.3 1 0
git.iu7.bmstu.ru/ped22u691/PPO.git/internal/query_time/queryTime.go:90.2,90.24 1 0
git.iu7.bmstu.ru/ped22u691/PPO.git/internal/query_time/queryTime.go:124.75,128.16 3 0
git.iu7.bmstu.ru/ped22u691/PPO.git/internal/query_time/queryTime.go:128.16,130.3 1 0
git.iu7.bmstu.ru/ped22u691/PPO.git/internal/query_time/queryTime.go:131.2,132.16 2 0
git.iu7.bmstu.ru/ped22u691/PPO.git/internal/query_time/queryTime.go:132.16,134.3 1 0
git.iu7.bmstu.ru/ped22u691/PPO.git/internal/query_time/queryTime.go:135.2,136.18 2 0
git.iu7.bmstu.ru/ped22u691/PPO.git/internal/query_time/queryTime.go:136.18,138.3 1 0
git.iu7.bmstu.ru/ped22u691/PPO.git/internal/query_time/queryTime.go:140.2,141.42 2 0
git.iu7.bmstu.ru/ped22u691/PPO.git/internal/query_time/queryTime.go:141.42,143.3 1 0
git.iu7.bmstu.ru/ped22u691/PPO.git/internal/query_time/queryTime.go:144.2,144.19 1 0
git.iu7.bmstu.ru/ped22u691/PPO.git/internal/query_time/queryTime.go:147.96,155.16 3 0
git.iu7.bmstu.ru/ped22u691/PPO.git/internal/query_time/queryTime.go:155.16,157.3 1 0
git.iu7.bmstu.ru/ped22u691/PPO.git/internal/query_time/queryTime.go:158.2,159.16 2 0
git.iu7.bmstu.ru/ped22u691/PPO.git/internal/query_time/queryTime.go:159.16,161.3 1 0
git.iu7.bmstu.ru/ped22u691/PPO.git/internal/query_time/queryTime.go:162.2,163.18 2 0
git.iu7.bmstu.ru/ped22u691/PPO.git/internal/query_time/queryTime.go:163.18,165.3 1 0
git.iu7.bmstu.ru/ped22u691/PPO.git/internal/query_time/queryTime.go:166.2,167.44 2 0
git.iu7.bmstu.ru/ped22u691/PPO.git/internal/query_time/queryTime.go:167.44,169.3 1 0
git.iu7.bmstu.ru/ped22u691/PPO.git/internal/query_time/queryTime.go:170.2,170.21 1 0
git.iu7.bmstu.ru/ped22u691/PPO.git/internal/query_time/queryTime.go:173.87,176.16 2 0
git.iu7.bmstu.ru/ped22u691/PPO.git/internal/query_time/queryTime.go:176.16,178.3 1 0
git.iu7.bmstu.ru/ped22u691/PPO.git/internal/query_time/queryTime.go:179.2,180.16 2 0
git.iu7.bmstu.ru/ped22u691/PPO.git/internal/query_time/queryTime.go:180.16,182.3 1 0
git.iu7.bmstu.ru/ped22u691/PPO.git/internal/query_time/queryTime.go:184.2,185.16 2 0
git.iu7.bmstu.ru/ped22u691/PPO.git/internal/query_time/queryTime.go:185.16,187.3 1 0
git.iu7.bmstu.ru/ped22u691/PPO.git/internal/query_time/queryTime.go:188.2,188.23 1 0
git.iu7.bmstu.ru/ped22u691/PPO.git/internal/query_time/queryTime.go:188.23,190.3 1 0
git.iu7.bmstu.ru/ped22u691/PPO.git/internal/query_time/queryTime.go:192.2,192.12 1 0
git.iu7.bmstu.ru/ped22u691/PPO.git/internal/query_time/queryTime.go:195.67,198.64 2 0
git.iu7.bmstu.ru/ped22u691/PPO.git/internal/query_time/queryTime.go:198.64,200.3 1 0
git.iu7.bmstu.ru/ped22u691/PPO.git/internal/query_time/queryTime.go:202.2,203.39 2 0
git.iu7.bmstu.ru/ped22u691/PPO.git/internal/query_time/queryTime.go:203.39,207.44 2 0
git.iu7.bmstu.ru/ped22u691/PPO.git/internal/query_time/queryTime.go:207.44,208.65 1 0
git.iu7.bmstu.ru/ped22u691/PPO.git/internal/query_time/queryTime.go:208.65,210.5 1 0
git.iu7.bmstu.ru/ped22u691/PPO.git/internal/query_time/queryTime.go:214.3,214.57 1 0
git.iu7.bmstu.ru/ped22u691/PPO.git/internal/query_time/queryTime.go:214.57,215.77 1 0
git.iu7.bmstu.ru/ped22u691/PPO.git/internal/query_time/queryTime.go:215.77,217.5 1 0
git.iu7.bmstu.ru/ped22u691/PPO.git/internal/query_time/queryTime.go:220.3,220.54 1 0
git.iu7.bmstu.ru/ped22u691/PPO.git/internal/query_time/queryTime.go:220.54,221.74 1 0
git.iu7.bmstu.ru/ped22u691/PPO.git/internal/query_time/queryTime.go:221.74,223.5 1 0
git.iu7.bmstu.ru/ped22u691/PPO.git/internal/query_time/queryTime.go:226.3,226.36 1 0
git.iu7.bmstu.ru/ped22u691/PPO.git/internal/query_time/queryTime.go:229.2,229.21 1 0
git.iu7.bmstu.ru/ped22u691/PPO.git/internal/query_time/queryTime.go:232.50,234.30 2 0
git.iu7.bmstu.ru/ped22u691/PPO.git/internal/query_time/queryTime.go:234.30,236.3 1 0
git.iu7.bmstu.ru/ped22u691/PPO.git/internal/query_time/queryTime.go:238.2,241.37 2 0
git.iu7.bmstu.ru/ped22u691/PPO.git/internal/query_time/queryTime.go:241.37,243.3 1 0
git.iu7.bmstu.ru/ped22u691/PPO.git/internal/query_time/queryTime.go:244.2,244.12 1 0
git.iu7.bmstu.ru/ped22u691/PPO.git/internal/query_time/queryTime.go:247.117,249.16 2 0
git.iu7.bmstu.ru/ped22u691/PPO.git/internal/query_time/queryTime.go:249.16,251.3 1 0
git.iu7.bmstu.ru/ped22u691/PPO.git/internal/query_time/queryTime.go:253.2,259.16 3 0
git.iu7.bmstu.ru/ped22u691/PPO.git/internal/query_time/queryTime.go:259.16,261.3 1 0
git.iu7.bmstu.ru/ped22u691/PPO.git/internal/query_time/queryTime.go:263.2,266.16 4 0
git.iu7.bmstu.ru/ped22u691/PPO.git/internal/query_time/queryTime.go:266.16,268.3 1 0
git.iu7.bmstu.ru/ped22u691/PPO.git/internal/query_time/queryTime.go:270.2,271.16 2 0
git.iu7.bmstu.ru/ped22u691/PPO.git/internal/query_time/queryTime.go:271.16,273.3 1 0
git.iu7.bmstu.ru/ped22u691/PPO.git/internal/query_time/queryTime.go:274.2,284.17 2 0
git.iu7.bmstu.ru/ped22u691/PPO.git/internal/query_time/queryTime.go:284.17,290.17 2 0
git.iu7.bmstu.ru/ped22u691/PPO.git/internal/query_time/queryTime.go:290.17,292.4 1 0
git.iu7.bmstu.ru/ped22u691/PPO.git/internal/query_time/queryTime.go:293.3,295.58 3 0
git.iu7.bmstu.ru/ped22u691/PPO.git/internal/query_time/queryTime.go:295.58,297.4 1 0
git.iu7.bmstu.ru/ped22u691/PPO.git/internal/query_time/queryTime.go:299.2,299.28 1 0
git.iu7.bmstu.ru/ped22u691/PPO.git/internal/query_time/queryTime.go:302.41,308.16 3 0
git.iu7.bmstu.ru/ped22u691/PPO.git/internal/query_time/queryTime.go:308.16,310.3 1 0
git.iu7.bmstu.ru/ped22u691/PPO.git/internal/query_time/queryTime.go:311.2,312.16 2 0
git.iu7.bmstu.ru/ped22u691/PPO.git/internal/query_time/queryTime.go:312.16,314.3 1 0
git.iu7.bmstu.ru/ped22u691/PPO.git/internal/query_time/queryTime.go:315.2,315.12 1 0
git.iu7.bmstu.ru/ped22u691/PPO.git/internal/query_time/queryTime.go:318.39,323.16 3 0
git.iu7.bmstu.ru/ped22u691/PPO.git/internal/query_time/queryTime.go:323.16,325.3 1 0
git.iu7.bmstu.ru/ped22u691/PPO.git/internal/query_time/queryTime.go:326.2,327.16 2 0
git.iu7.bmstu.ru/ped22u691/PPO.git/internal/query_time/queryTime.go:327.16,329.3 1 0
git.iu7.bmstu.ru/ped22u691/PPO.git/internal/query_time/queryTime.go:330.2,330.12 1 0
git.iu7.bmstu.ru/ped22u691/PPO.git/internal/query_time/queryTime.go:333.70,340.16 6 0
git.iu7.bmstu.ru/ped22u691/PPO.git/internal/query_time/queryTime.go:340.16,342.3 1 0
git.iu7.bmstu.ru/ped22u691/PPO.git/internal/query_time/queryTime.go:343.2,343.38 1 0
git.iu7.bmstu.ru/ped22u691/PPO.git/internal/query_time/queryTime.go:343.38,345.17 2 0
git.iu7.bmstu.ru/ped22u691/PPO.git/internal/query_time/queryTime.go:345.17,347.4 1 0
git.iu7.bmstu.ru/ped22u691/PPO.git/internal/query_time/queryTime.go:348.3,352.17 4 0
git.iu7.bmstu.ru/ped22u691/PPO.git/internal/query_time/queryTime.go:352.17,354.4 1 0
git.iu7.bmstu.ru/ped22u691/PPO.git/internal/query_time/queryTime.go:355.3,358.17 4 0
git.iu7.bmstu.ru/ped22u691/PPO.git/internal/query_time/queryTime.go:358.17,360.4 1 0
git.iu7.bmstu.ru/ped22u691/PPO.git/internal/query_time/queryTime.go:361.3,363.17 3 0
git.iu7.bmstu.ru/ped22u691/PPO.git/internal/query_time/queryTime.go:363.17,365.4 1 0
git.iu7.bmstu.ru/ped22u691/PPO.git/internal/query_time/queryTime.go:366.3,368.17 3 0
git.iu7.bmstu.ru/ped22u691/PPO.git/internal/query_time/queryTime.go:368.17,370.4 1 0
git.iu7.bmstu.ru/ped22u691/PPO.git/internal/query_time/queryTime.go:371.3,373.35 2 0
git.iu7.bmstu.ru/ped22u691/PPO.git/internal/query_time/queryTime.go:373.35,375.18 2 0
git.iu7.bmstu.ru/ped22u691/PPO.git/internal/query_time/queryTime.go:375.18,377.5 1 0
git.iu7.bmstu.ru/ped22u691/PPO.git/internal/query_time/queryTime.go:378.4,378.103 1 0
git.iu7.bmstu.ru/ped22u691/PPO.git/internal/query_time/queryTime.go:378.103,380.5 1 0
git.iu7.bmstu.ru/ped22u691/PPO.git/internal/query_time/queryTime.go:381.4,381.113 1 0
git.iu7.bmstu.ru/ped22u691/PPO.git/internal/query_time/queryTime.go:383.3,384.17 2 0
git.iu7.bmstu.ru/ped22u691/PPO.git/internal/query_time/queryTime.go:384.17,386.4 1 0
git.iu7.bmstu.ru/ped22u691/PPO.git/internal/query_time/queryTime.go:387.3,388.35 2 0
git.iu7.bmstu.ru/ped22u691/PPO.git/internal/query_time/queryTime.go:388.35,390.18 2 0
git.iu7.bmstu.ru/ped22u691/PPO.git/internal/query_time/queryTime.go:390.18,392.5 1 0
git.iu7.bmstu.ru/ped22u691/PPO.git/internal/query_time/queryTime.go:393.4,393.100 1 0
git.iu7.bmstu.ru/ped22u691/PPO.git/internal/query_time/queryTime.go:393.100,395.5 1 0
git.iu7.bmstu.ru/ped22u691/PPO.git/internal/query_time/queryTime.go:396.4,396.113 1 0
git.iu7.bmstu.ru/ped22u691/PPO.git/internal/query_time/queryTime.go:398.3,399.17 2 0
git.iu7.bmstu.ru/ped22u691/PPO.git/internal/query_time/queryTime.go:399.17,401.4 1 0
git.iu7.bmstu.ru/ped22u691/PPO.git/internal/query_time/queryTime.go:403.3,404.17 2 0
git.iu7.bmstu.ru/ped22u691/PPO.git/internal/query_time/queryTime.go:404.17,406.4 1 0
git.iu7.bmstu.ru/ped22u691/PPO.git/internal/query_time/queryTime.go:416.2,416.12 1 0
git.iu7.bmstu.ru/ped22u691/PPO.git/internal/repository/buyticketstxrep/buyTicketsTxRep.go:26.106,29.2 1 0
git.iu7.bmstu.ru/ped22u691/PPO.git/internal/repository/buyticketstxrep/mockBuyTicketsTxRep.go:15.110,17.24 2 0
git.iu7.bmstu.ru/ped22u691/PPO.git/internal/repository/buyticketstxrep/mockBuyTicketsTxRep.go:17.24,19.3 1 0
git.iu7.bmstu.ru/ped22u691/PPO.git/internal/repository/buyticketstxrep/mockBuyTicketsTxRep.go:20.2,20.62 1 0
git.iu7.bmstu.ru/ped22u691/PPO.git/internal/repository/buyticketstxrep/mockBuyTicketsTxRep.go:23.102,26.2 2 0
git.iu7.bmstu.ru/ped22u691/PPO.git/internal/repository/buyticketstxrep/mockBuyTicketsTxRep.go:28.92,31.2 2 0
git.iu7.bmstu.ru/ped22u691/PPO.git/internal/repository/buyticketstxrep/mockBuyTicketsTxRep.go:33.81,36.2 2 0
git.iu7.bmstu.ru/ped22u691/PPO.git/internal/repository/buyticketstxrep/mockBuyTicketsTxRep.go:38.63,41.2 2 0
git.iu7.bmstu.ru/ped22u691/PPO.git/internal/repository/buyticketstxrep/mockBuyTicketsTxRep.go:43.39,45.2 1 0
git.iu7.bmstu.ru/ped22u691/PPO.git/internal/repository/buyticketstxrep/redisBuyTicketsTxRep.go:27.34,29.20 2 0
git.iu7.bmstu.ru/ped22u691/PPO.git/internal/repository/buyticketstxrep/redisBuyTicketsTxRep.go:29.20,36.45 2 0
git.iu7.bmstu.ru/ped22u691/PPO.git/internal/repository/buyticketstxrep/redisBuyTicketsTxRep.go:36.45,39.4 2 0
git.iu7.bmstu.ru/ped22u691/PPO.git/internal/repository/buyticketstxrep/redisBuyTicketsTxRep.go:40.3,40.48 1 0
git.iu7.bmstu.ru/ped22u691/PPO.git/internal/repository/buyticketstxrep/redisBuyTicketsTxRep.go:43.2,43.19 1 0
git.iu7.bmstu.ru/ped22u691/PPO.git/internal/repository/buyticketstxrep/redisBuyTicketsTxRep.go:43.19,45.3 1 0
git.iu7.bmstu.ru/ped22u691/PPO.git/internal/repository/buyticketstxrep/redisBuyTicketsTxRep.go:47.2,47.25 1 0
git.iu7.bmstu.ru/ped22u691/PPO.git/internal/repository/buyticketstxrep/redisBuyTicketsTxRep.go:50.111,52.16 2 0
git.iu7.bmstu.ru/ped22u691/PPO.git/internal/repository/buyticketstxrep/redisBuyTicketsTxRep.go:52.16,53.23 1 0
git.iu7.bmstu.ru/ped22u691/PPO.git/internal/repository/buyticketstxrep/redisBuyTicketsTxRep.go:53.23,55.4 1 0
git.iu7.bmstu.ru/ped22u691/PPO.git/internal/repository/buyticketstxrep/redisBuyTicketsTxRep.go:56.3,56.54 1 0
git.iu7.bmstu.ru/ped22u691/PPO.git/internal/repository/buyticketstxrep/redisBuyTicketsTxRep.go:59.2,61.17 3 0
git.iu7.bmstu.ru/ped22u691/PPO.git/internal/repository/buyticketstxrep/redisBuyTicketsTxRep.go:64.93,66.16 2 0
git.iu7.bmstu.ru/ped22u691/PPO.git/internal/repository/buyticketstxrep/redisBuyTicketsTxRep.go:66.16,68.3 1 0
git.iu7.bmstu.ru/ped22u691/PPO.git/internal/repository/buyticketstxrep/redisBuyTicketsTxRep.go:70.2,71.21 2 0
git.iu7.bmstu.ru/ped22u691/PPO.git/internal/repository/buyticketstxrep/redisBuyTicketsTxRep.go:71.21,73.3 1 0
git.iu7.bmstu.ru/ped22u691/PPO.git/internal/repository/buyticketstxrep/redisBuyTicketsTxRep.go:75.2,76.16 2 0
git.iu7.bmstu.ru/ped22u691/PPO.git/internal/repository/buyticketstxrep/redisBuyTicketsTxRep.go:76.16,78.3 1 0
git.iu7.bmstu.ru/ped22u691/PPO.git/internal/repository/buyticketstxrep/redisBuyTicketsTxRep.go:80.2,80.12 1 0
git.iu7.bmstu.ru/ped22u691/PPO.git/internal/repository/buyticketstxrep/redisBuyTicketsTxRep.go:83.82,85.2 1 0
git.iu7.bmstu.ru/ped22u691/PPO.git/internal/repository/buyticketstxrep/redisBuyTicketsTxRep.go:88.103,90.16 2 0
git.iu7.bmstu.ru/ped22u691/PPO.git/internal/repository/buyticketstxrep/redisBuyTicketsTxRep.go:90.16,92.3 1 0
git.iu7.bmstu.ru/ped22u691/PPO.git/internal/repository/buyticketstxrep/redisBuyTicketsTxRep.go:94.2,95.27 2 0
git.iu7.bmstu.ru/ped22u691/PPO.git/internal/repository/buyticketstxrep/redisBuyTicketsTxRep.go:95.27,97.17 2 0
git.iu7.bmstu.ru/ped22u691/PPO.git/internal/repository/buyticketstxrep/redisBuyTicketsTxRep.go:97.17,98.24 1 0
git.iu7.bmstu.ru/ped22u691/PPO.git/internal/repository/buyticketstxrep/redisBuyTicketsTxRep.go:98.24,99.13 1 0
git.iu7.bmstu.ru/ped22u691/PPO.git/internal/repository/buyticketstxrep/redisBuyTicketsTxRep.go:101.4,101.62 1 0
git.iu7.bmstu.ru/ped22u691/PPO.git/internal/repository/buyticketstxrep/redisBuyTicketsTxRep.go:103.3,104.43 2 0
git.iu7.bmstu.ru/ped22u691/PPO.git/internal/repository/buyticketstxrep/redisBuyTicketsTxRep.go:104.43,106.4 1 0
git.iu7.bmstu.ru/ped22u691/PPO.git/internal/repository/buyticketstxrep/redisBuyTicketsTxRep.go:107.3,107.53 1 0
git.iu7.bmstu.ru/ped22u691/PPO.git/internal/repository/buyticketstxrep/redisBuyTicketsTxRep.go:107.53,109.4 1 0
git.iu7.bmstu.ru/ped22u691/PPO.git/internal/repository/buyticketstxrep/redisBuyTicketsTxRep.go:112.2,112.19 1 0
git.iu7.bmstu.ru/ped22u691/PPO.git/internal/repository/buyticketstxrep/redisBuyTicketsTxRep.go:115.64,117.2 1 0
git.iu7.bmstu.ru/ped22u691/PPO.git/internal/repository/buyticketstxrep/redisBuyTicketsTxRep.go:119.40,121.2 1 0
git.iu7.bmstu.ru/ped22u691/PPO.git/internal/services/auth/token/maker.go:22.61,24.2 1 0
git.iu7.bmstu.ru/ped22u691/PPO.git/internal/services/auth/token/paseto_maker.go:17.62,18.51 1 1
git.iu7.bmstu.ru/ped22u691/PPO.git/internal/services/auth/token/paseto_maker.go:18.51,20.3 1 0
git.iu7.bmstu.ru/ped22u691/PPO.git/internal/services/auth/token/paseto_maker.go:22.2,27.19 2 1
git.iu7.bmstu.ru/ped22u691/PPO.git/internal/services/auth/token/paseto_maker.go:30.110,32.16 2 1
git.iu7.bmstu.ru/ped22u691/PPO.git/internal/services/auth/token/paseto_maker.go:32.16,34.3 1 0
git.iu7.bmstu.ru/ped22u691/PPO.git/internal/services/auth/token/paseto_maker.go:36.2,36.63 1 1
git.iu7.bmstu.ru/ped22u691/PPO.git/internal/services/auth/token/paseto_maker.go:39.84,43.16 3 1
git.iu7.bmstu.ru/ped22u691/PPO.git/internal/services/auth/token/paseto_maker.go:43.16,45.3 1 1
git.iu7.bmstu.ru/ped22u691/PPO.git/internal/services/auth/token/paseto_maker.go:47.2,48.16 2 1
git.iu7.bmstu.ru/ped22u691/PPO.git/internal/services/auth/token/paseto_maker.go:48.16,50.3 1 1
git.iu7.bmstu.ru/ped22u691/PPO.git/internal/services/auth/token/paseto_maker.go:52.2,52.21 1 1
git.iu7.bmstu.ru/ped22u691/PPO.git/internal/services/auth/token/payload.go:25.92,39.2 2 1
git.iu7.bmstu.ru/ped22u691/PPO.git/internal/services/auth/token/payload.go:41.50,42.41 1 1
git.iu7.bmstu.ru/ped22u691/PPO.git/internal/services/auth/token/payload.go:42.41,44.3 1 1
git.iu7.bmstu.ru/ped22u691/PPO.git/internal/services/auth/token/payload.go:44.8,44.33 1 1
git.iu7.bmstu.ru/ped22u691/PPO.git/internal/services/auth/token/payload.go:44.33,46.3 1 1
git.iu7.bmstu.ru/ped22u691/PPO.git/internal/services/auth/token/payload.go:47.2,47.12 1 1
git.iu7.bmstu.ru/ped22u691/PPO.git/internal/services/auth/token/payload.go:54.43,56.2 1 1
git.iu7.bmstu.ru/ped22u691/PPO.git/internal/services/auth/token/payload.go:58.36,60.2 1 1
git.iu7.bmstu.ru/ped22u691/PPO.git/internal/services/auth/token/payload.go:66.44,68.2 1 1
git.iu7.bmstu.ru/ped22u691/PPO.git/internal/services/adminserv/adminService.go:20.110,26.2 1 0
git.iu7.bmstu.ru/ped22u691/PPO.git/internal/services/adminserv/adminService.go:34.89,36.16 2 0
git.iu7.bmstu.ru/ped22u691/PPO.git/internal/services/adminserv/adminService.go:36.16,38.3 1 0
git.iu7.bmstu.ru/ped22u691/PPO.git/internal/services/adminserv/adminService.go:39.2,39.34 1 0
git.iu7.bmstu.ru/ped22u691/PPO.git/internal/services/adminserv/adminService.go:42.81,44.16 2 0
git.iu7.bmstu.ru/ped22u691/PPO.git/internal/services/adminserv/adminService.go:44.16,46.3 1 0
git.iu7.bmstu.ru/ped22u691/PPO.git/internal/services/adminserv/adminService.go:47.2,47.30 1 0
git.iu7.bmstu.ru/ped22u691/PPO.git/internal/services/adminserv/adminService.go:50.106,52.16 2 0
git.iu7.bmstu.ru/ped22u691/PPO.git/internal/services/adminserv/adminService.go:52.16,54.3 1 0
git.iu7.bmstu.ru/ped22u691/PPO.git/internal/services/adminserv/adminService.go:56.2,56.70 1 0
git.iu7.bmstu.ru/ped22u691/PPO.git/internal/services/adminserv/adminService.go:56.70,59.3 2 0
git.iu7.bmstu.ru/ped22u691/PPO.git/internal/services/adminserv/adminService.go:60.2,61.16 2 0
git.iu7.bmstu.ru/ped22u691/PPO.git/internal/services/adminserv/adminService.go:61.16,63.3 1 0
git.iu7.bmstu.ru/ped22u691/PPO.git/internal/services/adminserv/adminService.go:64.2,64.12 1 0
git.iu7.bmstu.ru/ped22u691/PPO.git/internal/services/auth/authAdmin.go:49.85,51.16 2 0
git.iu7.bmstu.ru/ped22u691/PPO.git/internal/services/auth/authAdmin.go:51.16,53.3 1 0
git.iu7.bmstu.ru/ped22u691/PPO.git/internal/services/auth/authAdmin.go:55.2,56.16 2 0
git.iu7.bmstu.ru/ped22u691/PPO.git/internal/services/auth/authAdmin.go:56.16,58.3 1 0
git.iu7.bmstu.ru/ped22u691/PPO.git/internal/services/auth/authAdmin.go:60.2,67.20 2 0
git.iu7.bmstu.ru/ped22u691/PPO.git/internal/services/auth/authAdmin.go:70.92,72.16 2 0
git.iu7.bmstu.ru/ped22u691/PPO.git/internal/services/auth/authAdmin.go:72.16,74.3 1 0
git.iu7.bmstu.ru/ped22u691/PPO.git/internal/services/auth/authAdmin.go:75.2,77.22 2 0
git.iu7.bmstu.ru/ped22u691/PPO.git/internal/services/auth/authAdmin.go:77.22,79.3 1 0
git.iu7.bmstu.ru/ped22u691/PPO.git/internal/services/auth/authAdmin.go:81.2,82.16 2 0
git.iu7.bmstu.ru/ped22u691/PPO.git/internal/services/auth/authAdmin.go:82.16,84.3 1 0
git.iu7.bmstu.ru/ped22u691/PPO.git/internal/services/auth/authAdmin.go:86.2,91.16 2 0
git.iu7.bmstu.ru/ped22u691/PPO.git/internal/services/auth/authAdmin.go:91.16,93.3 1 0
git.iu7.bmstu.ru/ped22u691/PPO.git/internal/services/auth/authAdmin.go:94.2,94.25 1 0
git.iu7.bmstu.ru/ped22u691/PPO.git/internal/services/auth/authAdmin.go:97.88,99.16 2 0
git.iu7.bmstu.ru/ped22u691/PPO.git/internal/services/auth/authAdmin.go:99.16,101.3 1 0
git.iu7.bmstu.ru/ped22u691/PPO.git/internal/services/auth/authAdmin.go:102.2,110.16 2 0
git.iu7.bmstu.ru/ped22u691/PPO.git/internal/services/auth/authAdmin.go:110.16,112.3 1 0
git.iu7.bmstu.ru/ped22u691/PPO.git/internal/services/auth/authAdmin.go:113.2,114.16 2 0
git.iu7.bmstu.ru/ped22u691/PPO.git/internal/services/auth/authAdmin.go:114.16,116.3 1 0
git.iu7.bmstu.ru/ped22u691/PPO.git/internal/services/auth/authAdmin.go:117.2,117.12 1 0
git.iu7.bmstu.ru/ped22u691/PPO.git/internal/services/auth/authAdmin.go:120.76,122.2 1 0
git.iu7.bmstu.ru/ped22u691/PPO.git/internal/services/auth/authEmployee.go:51.97,53.16 2 0
git.iu7.bmstu.ru/ped22u691/PPO.git/internal/services/auth/authEmployee.go:53.16,55.3 1 0
git.iu7.bmstu.ru/ped22u691/PPO.git/internal/services/auth/authEmployee.go:57.2,58.16 2 0
git.iu7.bmstu.ru/ped22u691/PPO.git/internal/services/auth/authEmployee.go:58.16,60.3 1 0
git.iu7.bmstu.ru/ped22u691/PPO.git/internal/services/auth/authEmployee.go:62.2,69.21 2 0
git.iu7.bmstu.ru/ped22u691/PPO.git/internal/services/auth/authEmployee.go:72.101,74.16 2 1
git.iu7.bmstu.ru/ped22u691/PPO.git/internal/services/auth/authEmployee.go:74.16,76.3 1 1
git.iu7.bmstu.ru/ped22u691/PPO.git/internal/services/auth/authEmployee.go:78.2,78.25 1 1
git.iu7.bmstu.ru/ped22u691/PPO.git/internal/services/auth/authEmployee.go:78.25,80.3 1 0
git.iu7.bmstu.ru/ped22u691/PPO.git/internal/services/auth/authEmployee.go:82.2,83.16 2 1
git.iu7.bmstu.ru/ped22u691/PPO.git/internal/services/auth/authEmployee.go:83.16,85.3 1 1
git.iu7.bmstu.ru/ped22u691/PPO.git/internal/services/auth/authEmployee.go:87.2,92.16 2 1
git.iu7.bmstu.ru/ped22u691/PPO.git/internal/services/auth/authEmployee.go:92.16,94.3 1 0
git.iu7.bmstu.ru/ped22u691/PPO.git/internal/services/auth/authEmployee.go:95.2,95.25 1 1
git.iu7.bmstu.ru/ped22u691/PPO.git/internal/services/auth/authEmployee.go:98.116,100.16 2 1
git.iu7.bmstu.ru/ped22u691/PPO.git/internal/services/auth/authEmployee.go:100.16,102.3 1 1
git.iu7.bmstu.ru/ped22u691/PPO.git/internal/services/auth/authEmployee.go:103.2,112.16 2 1
git.iu7.bmstu.ru/ped22u691/PPO.git/internal/services/auth/authEmployee.go:112.16,114.3 1 0
git.iu7.bmstu.ru/ped22u691/PPO.git/internal/services/auth/authEmployee.go:115.2,116.12 2 1
git.iu7.bmstu.ru/ped22u691/PPO.git/internal/services/auth/authEmployee.go:119.79,121.2 1 0
git.iu7.bmstu.ru/ped22u691/PPO.git/internal/services/auth/authUser.go:46.81,48.16 2 0
git.iu7.bmstu.ru/ped22u691/PPO.git/internal/services/auth/authUser.go:48.16,50.3 1 0
git.iu7.bmstu.ru/ped22u691/PPO.git/internal/services/auth/authUser.go:52.2,53.16 2 0
git.iu7.bmstu.ru/ped22u691/PPO.git/internal/services/auth/authUser.go:53.16,55.3 1 0
git.iu7.bmstu.ru/ped22u691/PPO.git/internal/services/auth/authUser.go:57.2,64.20 2 0
git.iu7.bmstu.ru/ped22u691/PPO.git/internal/services/auth/authUser.go:67.89,69.16 2 1
git.iu7.bmstu.ru/ped22u691/PPO.git/internal/services/auth/authUser.go:69.16,71.3 1 0
git.iu7.bmstu.ru/ped22u691/PPO.git/internal/services/auth/authUser.go:73.2,74.16 2 1
git.iu7.bmstu.ru/ped22u691/PPO.git/internal/services/auth/authUser.go:74.16,76.3 1 1
git.iu7.bmstu.ru/ped22u691/PPO.git/internal/services/auth/authUser.go:78.2,83.16 2 1
git.iu7.bmstu.ru/ped22u691/PPO.git/internal/services/auth/authUser.go:83.16,85.3 1 0
git.iu7.bmstu.ru/ped22u691/PPO.git/internal/services/auth/authUser.go:86.2,86.25 1 1
git.iu7.bmstu.ru/ped22u691/PPO.git/internal/services/auth/authUser.go:89.85,91.16 2 1
git.iu7.bmstu.ru/ped22u691/PPO.git/internal/services/auth/authUser.go:91.16,93.3 1 0
git.iu7.bmstu.ru/ped22u691/PPO.git/internal/services/auth/authUser.go:94.2,103.16 2 1
git.iu7.bmstu.ru/ped22u691/PPO.git/internal/services/auth/authUser.go:103.16,105.3 1 0
git.iu7.bmstu.ru/ped22u691/PPO.git/internal/services/auth/authUser.go:106.2,107.12 2 1
git.iu7.bmstu.ru/ped22u691/PPO.git/internal/services/auth/authUser.go:110.75,112.2 1 0
git.iu7.bmstu.ru/ped22u691/PPO.git/internal/services/auth/authZ.go:29.32,31.2 1 0
git.iu7.bmstu.ru/ped22u691/PPO.git/internal/services/auth/authZ.go:36.87,38.2 1 0
git.iu7.bmstu.ru/ped22u691/PPO.git/internal/services/auth/authZ.go:40.75,42.9 2 0
git.iu7.bmstu.ru/ped22u691/PPO.git/internal/services/auth/authZ.go:42.9,44.3 1 0
git.iu7.bmstu.ru/ped22u691/PPO.git/internal/services/auth/authZ.go:45.2,45.36 1 0
git.iu7.bmstu.ru/ped22u691/PPO.git/internal/services/auth/authZ.go:45.36,47.3 1 0
git.iu7.bmstu.ru/ped22u691/PPO.git/internal/services/auth/authZ.go:48.2,48.30 1 0
git.iu7.bmstu.ru/ped22u691/PPO.git/internal/services/auth/authZ.go:51.79,53.9 2 0
git.iu7.bmstu.ru/ped22u691/PPO.git/internal/services/auth/authZ.go:53.9,55.3 1 0
git.iu7.bmstu.ru/ped22u691/PPO.git/internal/services/auth/authZ.go:56.2,56.40 1 0
git.iu7.bmstu.ru/ped22u691/PPO.git/internal/services/auth/authZ.go:56.40,58.3 1 0
git.iu7.bmstu.ru/ped22u691/PPO.git/internal/services/auth/authZ.go:59.2,59.30 1 0
git.iu7.bmstu.ru/ped22u691/PPO.git/internal/services/auth/authZ.go:62.76,64.9 2 0
git.iu7.bmstu.ru/ped22u691/PPO.git/internal/services/auth/authZ.go:64.9,66.3 1 0
git.iu7.bmstu.ru/ped22u691/PPO.git/internal/services/auth/authZ.go:67.2,67.75 1 0
git.iu7.bmstu.ru/ped22u691/PPO.git/internal/services/auth/authZ.go:67.75,69.3 1 0
git.iu7.bmstu.ru/ped22u691/PPO.git/internal/services/auth/authZ.go:70.2,70.30 1 0
git.iu7.bmstu.ru/ped22u691/PPO.git/internal/services/auth/mockAuthZ.go:16.91,19.2 2 0
git.iu7.bmstu.ru/ped22u691/PPO.git/internal/services/auth/mockAuthZ.go:21.79,24.2 2 0
git.iu7.bmstu.ru/ped22u691/PPO.git/internal/services/auth/mockAuthZ.go:26.83,29.2 2 0
git.iu7.bmstu.ru/ped22u691/PPO.git/internal/services/auth/mockAuthZ.go:31.80,34.2 2 0
git.iu7.bmstu.ru/ped22u691/PPO.git/internal/services/collectionserv/collectionService.go:18.82,22.2 1 0
git.iu7.bmstu.ru/ped22u691/PPO.git/internal/services/collectionserv/collectionService.go:28.84,30.2 1 0
git.iu7.bmstu.ru/ped22u691/PPO.git/internal/services/collectionserv/collectionService.go:32.81,34.2 1 0
git.iu7.bmstu.ru/ped22u691/PPO.git/internal/services/collectionserv/collectionService.go:36.77,38.2 1 0
git.iu7.bmstu.ru/ped22u691/PPO.git/internal/services/collectionserv/collectionService.go:44.9,48.58 1 0
git.iu7.bmstu.ru/ped22u691/PPO.git/internal/services/collectionserv/collectionService.go:48.58,51.4 2 0
git.iu7.bmstu.ru/ped22u691/PPO.git/internal/services/buyticketserv/BuyTicketsServ.go:50.27,59.2 1 1
git.iu7.bmstu.ru/ped22u691/PPO.git/internal/services/buyticketserv/BuyTicketsServ.go:61.94,63.16 2 1
git.iu7.bmstu.ru/ped22u691/PPO.git/internal/services/buyticketserv/BuyTicketsServ.go:63.16,65.3 1 0
git.iu7.bmstu.ru/ped22u691/PPO.git/internal/services/buyticketserv/BuyTicketsServ.go:66.2,67.16 2 1
git.iu7.bmstu.ru/ped22u691/PPO.git/internal/services/buyticketserv/BuyTicketsServ.go:67.16,69.3 1 0
git.iu7.bmstu.ru/ped22u691/PPO.git/internal/services/buyticketserv/BuyTicketsServ.go:70.2,71.16 2 1
git.iu7.bmstu.ru/ped22u691/PPO.git/internal/services/buyticketserv/BuyTicketsServ.go:71.16,73.3 1 0
git.iu7.bmstu.ru/ped22u691/PPO.git/internal/services/buyticketserv/BuyTicketsServ.go:74.2,75.17 2 1
git.iu7.bmstu.ru/ped22u691/PPO.git/internal/services/buyticketserv/BuyTicketsServ.go:75.17,76.52 1 0
git.iu7.bmstu.ru/ped22u691/PPO.git/internal/services/buyticketserv/BuyTicketsServ.go:78.2,78.21 1 1
git.iu7.bmstu.ru/ped22u691/PPO.git/internal/services/buyticketserv/BuyTicketsServ.go:89.37,92.16 3 1
git.iu7.bmstu.ru/ped22u691/PPO.git/internal/services/buyticketserv/BuyTicketsServ.go:92.16,94.3 1 0
git.iu7.bmstu.ru/ped22u691/PPO.git/internal/services/buyticketserv/BuyTicketsServ.go:95.2,95.22 1 1
git.iu7.bmstu.ru/ped22u691/PPO.git/internal/services/buyticketserv/BuyTicketsServ.go:95.22,97.3 1 1
git.iu7.bmstu.ru/ped22u691/PPO.git/internal/services/buyticketserv/BuyTicketsServ.go:99.2,100.43 2 1
[...]
git.iu7.bmstu.ru/ped22u691/PPO.git/internal/repository/eventrep/pgEventRep.go:131.16,133.3 1 0
git.iu7.bmstu.ru/ped22u691/PPO.git/internal/repository/eventrep/pgEventRep.go:134.2,134.20 1 1
git.iu7.bmstu.ru/ped22u691/PPO.git/internal/repository/eventrep/pgEventRep.go:137.97,143.16 3 1
git.iu7.bmstu.ru/ped22u691/PPO.git/internal/repository/eventrep/pgEventRep.go:143.16,145.3 1 0
git.iu7.bmstu.ru/ped22u691/PPO.git/internal/repository/eventrep/pgEventRep.go:147.2,148.16 2 1
git.iu7.bmstu.ru/ped22u691/PPO.git/internal/repository/eventrep/pgEventRep.go:148.16,150.3 1 0
git.iu7.bmstu.ru/ped22u691/PPO.git/internal/repository/eventrep/pgEventRep.go:151.2,154.18 3 1
git.iu7.bmstu.ru/ped22u691/PPO.git/internal/repository/eventrep/pgEventRep.go:154.18,156.40 2 1
git.iu7.bmstu.ru/ped22u691/PPO.git/internal/repository/eventrep/pgEventRep.go:156.40,158.4 1 0
git.iu7.bmstu.ru/ped22u691/PPO.git/internal/repository/eventrep/pgEventRep.go:159.3,159.38 1 1
git.iu7.bmstu.ru/ped22u691/PPO.git/internal/repository/eventrep/pgEventRep.go:161.2,161.35 1 1
git.iu7.bmstu.ru/ped22u691/PPO.git/internal/repository/eventrep/pgEventRep.go:161.35,163.3 1 0
git.iu7.bmstu.ru/ped22u691/PPO.git/internal/repository/eventrep/pgEventRep.go:164.2,164.24 1 1
git.iu7.bmstu.ru/ped22u691/PPO.git/internal/repository/eventrep/pgEventRep.go:167.116,168.31 1 1
git.iu7.bmstu.ru/ped22u691/PPO.git/internal/repository/eventrep/pgEventRep.go:168.31,170.17 2 1
git.iu7.bmstu.ru/ped22u691/PPO.git/internal/repository/eventrep/pgEventRep.go:170.17,172.4 1 0
git.iu7.bmstu.ru/ped22u691/PPO.git/internal/repository/eventrep/pgEventRep.go:173.3,173.55 1 1
git.iu7.bmstu.ru/ped22u691/PPO.git/internal/repository/eventrep/pgEventRep.go:173.55,175.4 1 0
git.iu7.bmstu.ru/ped22u691/PPO.git/internal/repository/eventrep/pgEventRep.go:177.2,177.20 1 1
git.iu7.bmstu.ru/ped22u691/PPO.git/internal/repository/eventrep/pgEventRep.go:180.112,189.16 5 1
git.iu7.bmstu.ru/ped22u691/PPO.git/internal/repository/eventrep/pgEventRep.go:189.16,191.3 1 0
git.iu7.bmstu.ru/ped22u691/PPO.git/internal/repository/eventrep/pgEventRep.go:193.2,194.16 2 1
git.iu7.bmstu.ru/ped22u691/PPO.git/internal/repository/eventrep/pgEventRep.go:194.16,196.3 1 0
git.iu7.bmstu.ru/ped22u691/PPO.git/internal/repository/eventrep/pgEventRep.go:198.2,198.20 1 1
git.iu7.bmstu.ru/ped22u691/PPO.git/internal/repository/eventrep/pgEventRep.go:201.89,210.16 4 1
git.iu7.bmstu.ru/ped22u691/PPO.git/internal/repository/eventrep/pgEventRep.go:210.16,212.3 1 0
git.iu7.bmstu.ru/ped22u691/PPO.git/internal/repository/eventrep/pgEventRep.go:213.2,213.22 1 1
git.iu7.bmstu.ru/ped22u691/PPO.git/internal/repository/eventrep/pgEventRep.go:213.22,215.3 1 1
git.iu7.bmstu.ru/ped22u691/PPO.git/internal/repository/eventrep/pgEventRep.go:215.8,215.28 1 1
git.iu7.bmstu.ru/ped22u691/PPO.git/internal/repository/eventrep/pgEventRep.go:215.28,217.3 1 0
git.iu7.bmstu.ru/ped22u691/PPO.git/internal/repository/eventrep/pgEventRep.go:218.2,219.16 2 1
git.iu7.bmstu.ru/ped22u691/PPO.git/internal/repository/eventrep/pgEventRep.go:219.16,221.3 1 0
git.iu7.bmstu.ru/ped22u691/PPO.git/internal/repository/eventrep/pgEventRep.go:222.2,222.23 1 1
git.iu7.bmstu.ru/ped22u691/PPO.git/internal/repository/eventrep/pgEventRep.go:225.37,227.2 1 0
git.iu7.bmstu.ru/ped22u691/PPO.git/internal/repository/eventrep/pgEventRep.go:229.153,240.16 4 0
git.iu7.bmstu.ru/ped22u691/PPO.git/internal/repository/eventrep/pgEventRep.go:240.16,242.3 1 0
git.iu7.bmstu.ru/ped22u691/PPO.git/internal/repository/eventrep/pgEventRep.go:244.2,245.16 2 0
git.iu7.bmstu.ru/ped22u691/PPO.git/internal/repository/eventrep/pgEventRep.go:245.16,247.3 1 0
git.iu7.bmstu.ru/ped22u691/PPO.git/internal/repository/eventrep/pgEventRep.go:248.2,251.16 3 0
git.iu7.bmstu.ru/ped22u691/PPO.git/internal/repository/eventrep/pgEventRep.go:251.16,253.3 1 0
git.iu7.bmstu.ru/ped22u691/PPO.git/internal/repository/eventrep/pgEventRep.go:254.2,254.22 1 0
git.iu7.bmstu.ru/ped22u691/PPO.git/internal/repository/eventrep/pgEventRep.go:254.22,256.3 1 0
git.iu7.bmstu.ru/ped22u691/PPO.git/internal/repository/eventrep/pgEventRep.go:257.2,257.31 1 0
git.iu7.bmstu.ru/ped22u691/PPO.git/internal/repository/eventrep/pgEventRep.go:257.31,259.17 2 0
git.iu7.bmstu.ru/ped22u691/PPO.git/internal/repository/eventrep/pgEventRep.go:259.17,261.4 1 0
git.iu7.bmstu.ru/ped22u691/PPO.git/internal/repository/eventrep/pgEventRep.go:262.3,262.55 1 0
git.iu7.bmstu.ru/ped22u691/PPO.git/internal/repository/eventrep/pgEventRep.go:262.55,264.4 1 0
git.iu7.bmstu.ru/ped22u691/PPO.git/internal/repository/eventrep/pgEventRep.go:266.2,266.20 1 0
git.iu7.bmstu.ru/ped22u691/PPO.git/internal/repository/eventrep/pgEventRep.go:269.90,275.16 3 0
git.iu7.bmstu.ru/ped22u691/PPO.git/internal/repository/eventrep/pgEventRep.go:275.16,277.3 1 0
git.iu7.bmstu.ru/ped22u691/PPO.git/internal/repository/eventrep/pgEventRep.go:278.2,279.16 2 0
git.iu7.bmstu.ru/ped22u691/PPO.git/internal/repository/eventrep/pgEventRep.go:279.16,281.3 1 0
git.iu7.bmstu.ru/ped22u691/PPO.git/internal/repository/eventrep/pgEventRep.go:282.2,283.25 2 0
git.iu7.bmstu.ru/ped22u691/PPO.git/internal/repository/eventrep/pgEventRep.go:286.84,288.16 2 1
git.iu7.bmstu.ru/ped22u691/PPO.git/internal/repository/eventrep/pgEventRep.go:288.16,290.3 1 0
git.iu7.bmstu.ru/ped22u691/PPO.git/internal/repository/eventrep/pgEventRep.go:291.2,292.16 2 1
git.iu7.bmstu.ru/ped22u691/PPO.git/internal/repository/eventrep/pgEventRep.go:292.16,294.3 1 0
git.iu7.bmstu.ru/ped22u691/PPO.git/internal/repository/eventrep/pgEventRep.go:296.2,297.16 2 1
git.iu7.bmstu.ru/ped22u691/PPO.git/internal/repository/eventrep/pgEventRep.go:297.16,299.3 1 0
git.iu7.bmstu.ru/ped22u691/PPO.git/internal/repository/eventrep/pgEventRep.go:300.2,300.23 1 1
git.iu7.bmstu.ru/ped22u691/PPO.git/internal/repository/eventrep/pgEventRep.go:300.23,302.3 1 0
git.iu7.bmstu.ru/ped22u691/PPO.git/internal/repository/eventrep/pgEventRep.go:303.2,303.12 1 1
git.iu7.bmstu.ru/ped22u691/PPO.git/internal/repository/eventrep/pgEventRep.go:306.71,313.16 4 1
git.iu7.bmstu.ru/ped22u691/PPO.git/internal/repository/eventrep/pgEventRep.go:313.16,315.3 1 0
git.iu7.bmstu.ru/ped22u691/PPO.git/internal/repository/eventrep/pgEventRep.go:316.2,316.12 1 1
git.iu7.bmstu.ru/ped22u691/PPO.git/internal/repository/eventrep/pgEventRep.go:319.71,325.16 4 0
git.iu7.bmstu.ru/ped22u691/PPO.git/internal/repository/eventrep/pgEventRep.go:325.16,327.3 1 0
git.iu7.bmstu.ru/ped22u691/PPO.git/internal/repository/eventrep/pgEventRep.go:328.2,328.12 1 0
git.iu7.bmstu.ru/ped22u691/PPO.git/internal/repository/eventrep/pgEventRep.go:331.75,336.16 4 1
git.iu7.bmstu.ru/ped22u691/PPO.git/internal/repository/eventrep/pgEventRep.go:336.16,338.3 1 0
git.iu7.bmstu.ru/ped22u691/PPO.git/internal/repository/eventrep/pgEventRep.go:339.2,339.12 1 1
git.iu7.bmstu.ru/ped22u691/PPO.git/internal/repository/eventrep/pgEventRep.go:344.63,346.16 2 1
git.iu7.bmstu.ru/ped22u691/PPO.git/internal/repository/eventrep/pgEventRep.go:346.16,348.3 1 0
git.iu7.bmstu.ru/ped22u691/PPO.git/internal/repository/eventrep/pgEventRep.go:350.2,352.16 3 1
git.iu7.bmstu.ru/ped22u691/PPO.git/internal/repository/eventrep/pgEventRep.go:352.16,354.3 1 1
git.iu7.bmstu.ru/ped22u691/PPO.git/internal/repository/eventrep/pgEventRep.go:355.2,365.16 3 1
git.iu7.bmstu.ru/ped22u691/PPO.git/internal/repository/eventrep/pgEventRep.go:365.16,367.3 1 0
git.iu7.bmstu.ru/ped22u691/PPO.git/internal/repository/eventrep/pgEventRep.go:368.2,368.12 1 1
git.iu7.bmstu.ru/ped22u691/PPO.git/internal/repository/eventrep/pgEventRep.go:371.111,373.39 1 1
git.iu7.bmstu.ru/ped22u691/PPO.git/internal/repository/eventrep/pgEventRep.go:373.39,379.17 4 1
git.iu7.bmstu.ru/ped22u691/PPO.git/internal/repository/eventrep/pgEventRep.go:379.17,381.4 1 0
git.iu7.bmstu.ru/ped22u691/PPO.git/internal/repository/eventrep/pgEventRep.go:383.2,383.12 1 1
git.iu7.bmstu.ru/ped22u691/PPO.git/internal/repository/eventrep/pgEventRep.go:386.113,394.16 4 1
git.iu7.bmstu.ru/ped22u691/PPO.git/internal/repository/eventrep/pgEventRep.go:394.16,396.3 1 0
git.iu7.bmstu.ru/ped22u691/PPO.git/internal/repository/eventrep/pgEventRep.go:397.2,397.12 1 1
git.iu7.bmstu.ru/ped22u691/PPO.git/internal/repository/eventrep/pgEventRep.go:400.55,402.2 1 0
git.iu7.bmstu.ru/ped22u691/PPO.git/internal/repository/eventrep/pgEventRep.go:404.31,406.2 1 0
git.iu7.bmstu.ru/ped22u691/PPO.git/internal/repository/userrep/mockUserRep.go:16.75,18.24 2 0
git.iu7.bmstu.ru/ped22u691/PPO.git/internal/repository/userrep/mockUserRep.go:18.24,20.3 1 0
git.iu7.bmstu.ru/ped22u691/PPO.git/internal/repository/userrep/mockUserRep.go:21.2,21.52 1 0
git.iu7.bmstu.ru/ped22u691/PPO.git/internal/repository/userrep/mockUserRep.go:24.85,26.24 2 0
git.iu7.bmstu.ru/ped22u691/PPO.git/internal/repository/userrep/mockUserRep.go:26.24,28.3 1 0
git.iu7.bmstu.ru/ped22u691/PPO.git/internal/repository/userrep/mockUserRep.go:29.2,29.52 1 0
git.iu7.bmstu.ru/ped22u691/PPO.git/internal/repository/userrep/mockUserRep.go:32.88,34.24 2 0
git.iu7.bmstu.ru/ped22u691/PPO.git/internal/repository/userrep/mockUserRep.go:34.24,36.3 1 0
git.iu7.bmstu.ru/ped22u691/PPO.git/internal/repository/userrep/mockUserRep.go:37.2,37.50 1 0
git.iu7.bmstu.ru/ped22u691/PPO.git/internal/repository/userrep/mockUserRep.go:40.91,42.24 2 0
git.iu7.bmstu.ru/ped22u691/PPO.git/internal/repository/userrep/mockUserRep.go:42.24,44.3 1 0
git.iu7.bmstu.ru/ped22u691/PPO.git/internal/repository/userrep/mockUserRep.go:45.2,45.50 1 0
git.iu7.bmstu.ru/ped22u691/PPO.git/internal/repository/userrep/mockUserRep.go:48.70,51.2 2 0
git.iu7.bmstu.ru/ped22u691/PPO.git/internal/repository/userrep/mockUserRep.go:53.71,56.2 2 0
git.iu7.bmstu.ru/ped22u691/PPO.git/internal/repository/userrep/mockUserRep.go:58.140,60.24 2 0
git.iu7.bmstu.ru/ped22u691/PPO.git/internal/repository/userrep/mockUserRep.go:60.24,62.3 1 0
git.iu7.bmstu.ru/ped22u691/PPO.git/internal/repository/userrep/mockUserRep.go:63.2,63.50 1 0
git.iu7.bmstu.ru/ped22u691/PPO.git/internal/repository/userrep/mockUserRep.go:66.112,69.2 2 0
git.iu7.bmstu.ru/ped22u691/PPO.git/internal/repository/userrep/mockUserRep.go:71.55,74.2 2 0
git.iu7.bmstu.ru/ped22u691/PPO.git/internal/repository/userrep/mockUserRep.go:76.31,78.2 1 0
git.iu7.bmstu.ru/ped22u691/PPO.git/internal/repository/userrep/mockUserRep.go:81.36,83.2 1 0
git.iu7.bmstu.ru/ped22u691/PPO.git/internal/repository/userrep/pgUserRep.go:37.124,39.19 2 1
git.iu7.bmstu.ru/ped22u691/PPO.git/internal/repository/userrep/pgUserRep.go:39.19,44.17 3 1
git.iu7.bmstu.ru/ped22u691/PPO.git/internal/repository/userrep/pgUserRep.go:44.17,47.4 2 0
git.iu7.bmstu.ru/ped22u691/PPO.git/internal/repository/userrep/pgUserRep.go:48.3,48.45 1 1
git.iu7.bmstu.ru/ped22u691/PPO.git/internal/repository/userrep/pgUserRep.go:48.45,52.4 3 0
git.iu7.bmstu.ru/ped22u691/PPO.git/internal/repository/userrep/pgUserRep.go:54.3,58.34 4 1
git.iu7.bmstu.ru/ped22u691/PPO.git/internal/repository/userrep/pgUserRep.go:60.2,60.19 1 1
git.iu7.bmstu.ru/ped22u691/PPO.git/internal/repository/userrep/pgUserRep.go:60.19,62.3 1 0
git.iu7.bmstu.ru/ped22u691/PPO.git/internal/repository/userrep/pgUserRep.go:64.2,64.24 1 1
git.iu7.bmstu.ru/ped22u691/PPO.git/internal/repository/userrep/pgUserRep.go:67.77,69.18 2 1
git.iu7.bmstu.ru/ped22u691/PPO.git/internal/repository/userrep/pgUserRep.go:69.18,74.112 5 1
git.iu7.bmstu.ru/ped22u691/PPO.git/internal/repository/userrep/pgUserRep.go:74.112,76.4 1 0
git.iu7.bmstu.ru/ped22u691/PPO.git/internal/repository/userrep/pgUserRep.go:77.3,78.17 2 1
git.iu7.bmstu.ru/ped22u691/PPO.git/internal/repository/userrep/pgUserRep.go:78.17,80.4 1 0
git.iu7.bmstu.ru/ped22u691/PPO.git/internal/repository/userrep/pgUserRep.go:81.3,81.37 1 1
git.iu7.bmstu.ru/ped22u691/PPO.git/internal/repository/userrep/pgUserRep.go:83.2,83.35 1 1
git.iu7.bmstu.ru/ped22u691/PPO.git/internal/repository/userrep/pgUserRep.go:83.35,85.3 1 0
git.iu7.bmstu.ru/ped22u691/PPO.git/internal/repository/userrep/pgUserRep.go:86.2,86.22 1 1
git.iu7.bmstu.ru/ped22u691/PPO.git/internal/repository/userrep/pgUserRep.go:89.74,94.16 3 1
git.iu7.bmstu.ru/ped22u691/PPO.git/internal/repository/userrep/pgUserRep.go:94.16,96.3 1 0
git.iu7.bmstu.ru/ped22u691/PPO.git/internal/repository/userrep/pgUserRep.go:98.2,99.16 2 1
git.iu7.bmstu.ru/ped22u691/PPO.git/internal/repository/userrep/pgUserRep.go:99.16,101.3 1 0
git.iu7.bmstu.ru/ped22u691/PPO.git/internal/repository/userrep/pgUserRep.go:102.2,105.16 3 1
git.iu7.bmstu.ru/ped22u691/PPO.git/internal/repository/userrep/pgUserRep.go:105.16,107.3 1 0
git.iu7.bmstu.ru/ped22u691/PPO.git/internal/repository/userrep/pgUserRep.go:108.2,108.21 1 1
git.iu7.bmstu.ru/ped22u691/PPO.git/internal/repository/userrep/pgUserRep.go:108.21,110.3 1 1
git.iu7.bmstu.ru/ped22u691/PPO.git/internal/repository/userrep/pgUserRep.go:111.2,111.19 1 1
git.iu7.bmstu.ru/ped22u691/PPO.git/internal/repository/userrep/pgUserRep.go:114.84,120.16 3 1
git.iu7.bmstu.ru/ped22u691/PPO.git/internal/repository/userrep/pgUserRep.go:120.16,122.3 1 0
git.iu7.bmstu.ru/ped22u691/PPO.git/internal/repository/userrep/pgUserRep.go:124.2,125.16 2 1
git.iu7.bmstu.ru/ped22u691/PPO.git/internal/repository/userrep/pgUserRep.go:125.16,127.3 1 0
git.iu7.bmstu.ru/ped22u691/PPO.git/internal/repository/userrep/pgUserRep.go:128.2,131.16 3 1
git.iu7.bmstu.ru/ped22u691/PPO.git/internal/repository/userrep/pgUserRep.go:131.16,133.3 1 0
git.iu7.bmstu.ru/ped22u691/PPO.git/internal/repository/userrep/pgUserRep.go:134.2,134.21 1 1
git.iu7.bmstu.ru/ped22u691/PPO.git/internal/repository/userrep/pgUserRep.go:134.21,136.3 1 0
git.iu7.bmstu.ru/ped22u691/PPO.git/internal/repository/userrep/pgUserRep.go:137.2,137.19 1 1
git.iu7.bmstu.ru/ped22u691/PPO.git/internal/repository/userrep/pgUserRep.go:140.87,146.16 3 1
git.iu7.bmstu.ru/ped22u691/PPO.git/internal/repository/userrep/pgUserRep.go:146.16,148.3 1 0
git.iu7.bmstu.ru/ped22u691/PPO.git/internal/repository/userrep/pgUserRep.go:150.2,151.16 2 1
git.iu7.bmstu.ru/ped22u691/PPO.git/internal/repository/userrep/pgUserRep.go:151.16,153.3 1 0
git.iu7.bmstu.ru/ped22u691/PPO.git/internal/repository/userrep/pgUserRep.go:154.2,156.16 3 1
git.iu7.bmstu.ru/ped22u691/PPO.git/internal/repository/userrep/pgUserRep.go:156.16,158.3 1 0
git.iu7.bmstu.ru/ped22u691/PPO.git/internal/repository/userrep/pgUserRep.go:159.2,159.21 1 1
git.iu7.bmstu.ru/ped22u691/PPO.git/internal/repository/userrep/pgUserRep.go:159.21,161.3 1 1
git.iu7.bmstu.ru/ped22u691/PPO.git/internal/repository/userrep/pgUserRep.go:161.8,161.27 1 1
git.iu7.bmstu.ru/ped22u691/PPO.git/internal/repository/userrep/pgUserRep.go:161.27,163.3 1 0
git.iu7.bmstu.ru/ped22u691/PPO.git/internal/repository/userrep/pgUserRep.go:164.2,164.22 1 1
git.iu7.bmstu.ru/ped22u691/PPO.git/internal/repository/userrep/pgUserRep.go:167.90,173.16 3 1
git.iu7.bmstu.ru/ped22u691/PPO.git/internal/repository/userrep/pgUserRep.go:173.16,175.3 1 0
git.iu7.bmstu.ru/ped22u691/PPO.git/internal/repository/userrep/pgUserRep.go:177.2,178.16 2 1
git.iu7.bmstu.ru/ped22u691/PPO.git/internal/repository/userrep/pgUserRep.go:178.16,180.3 1 0
git.iu7.bmstu.ru/ped22u691/PPO.git/internal/repository/userrep/pgUserRep.go:181.2,183.16 3 1
git.iu7.bmstu.ru/ped22u691/PPO.git/internal/repository/userrep/pgUserRep.go:183.16,185.3 1 0
git.iu7.bmstu.ru/ped22u691/PPO.git/internal/repository/userrep/pgUserRep.go:186.2,186.21 1 1
git.iu7.bmstu.ru/ped22u691/PPO.git/internal/repository/userrep/pgUserRep.go:186.21,188.3 1 1
git.iu7.bmstu.ru/ped22u691/PPO.git/internal/repository/userrep/pgUserRep.go:188.8,188.27 1 1
git.iu7.bmstu.ru/ped22u691/PPO.git/internal/repository/userrep/pgUserRep.go:188.27,190.3 1 0
git.iu7.bmstu.ru/ped22u691/PPO.git/internal/repository/userrep/pgUserRep.go:191.2,191.22 1 1
git.iu7.bmstu.ru/ped22u691/PPO.git/internal/repository/userrep/pgUserRep.go:194.69,196.16 2 1
git.iu7.bmstu.ru/ped22u691/PPO.git/internal/repository/userrep/pgUserRep.go:196.16,198.3 1 1
git.iu7.bmstu.ru/ped22u691/PPO.git/internal/repository/userrep/pgUserRep.go:198.8,198.35 1 1
git.iu7.bmstu.ru/ped22u691/PPO.git/internal/repository/userrep/pgUserRep.go:198.35,200.3 1 0
git.iu7.bmstu.ru/ped22u691/PPO.git/internal/repository/userrep/pgUserRep.go:201.2,206.16 3 1
git.iu7.bmstu.ru/ped22u691/PPO.git/internal/repository/userrep/pgUserRep.go:206.16,208.3 1 0
git.iu7.bmstu.ru/ped22u691/PPO.git/internal/repository/userrep/pgUserRep.go:209.2,210.16 2 1
git.iu7.bmstu.ru/ped22u691/PPO.git/internal/repository/userrep/pgUserRep.go:210.16,212.3 1 0
git.iu7.bmstu.ru/ped22u691/PPO.git/internal/repository/userrep/pgUserRep.go:214.2,215.16 2 1
git.iu7.bmstu.ru/ped22u691/PPO.git/internal/repository/userrep/pgUserRep.go:215.16,217.3 1 0
git.iu7.bmstu.ru/ped22u691/PPO.git/internal/repository/userrep/pgUserRep.go:218.2,218.23 1 1
git.iu7.bmstu.ru/ped22u691/PPO.git/internal/repository/userrep/pgUserRep.go:218.23,220.3 1 0
git.iu7.bmstu.ru/ped22u691/PPO.git/internal/repository/userrep/pgUserRep.go:221.2,221.12 1 1
git.iu7.bmstu.ru/ped22u691/PPO.git/internal/repository/userrep/pgUserRep.go:224.70,229.16 3 1
git.iu7.bmstu.ru/ped22u691/PPO.git/internal/repository/userrep/pgUserRep.go:229.16,231.3 1 0
git.iu7.bmstu.ru/ped22u691/PPO.git/internal/repository/userrep/pgUserRep.go:232.2,233.16 2 1
git.iu7.bmstu.ru/ped22u691/PPO.git/internal/repository/userrep/pgUserRep.go:233.16,235.3 1 0
git.iu7.bmstu.ru/ped22u691/PPO.git/internal/repository/userrep/pgUserRep.go:237.2,238.16 2 1
git.iu7.bmstu.ru/ped22u691/PPO.git/internal/repository/userrep/pgUserRep.go:238.16,240.3 1 0
git.iu7.bmstu.ru/ped22u691/PPO.git/internal/repository/userrep/pgUserRep.go:241.2,241.23 1 1
git.iu7.bmstu.ru/ped22u691/PPO.git/internal/repository/userrep/pgUserRep.go:241.23,243.3 1 1
git.iu7.bmstu.ru/ped22u691/PPO.git/internal/repository/userrep/pgUserRep.go:244.2,244.12 1 1
git.iu7.bmstu.ru/ped22u691/PPO.git/internal/repository/userrep/pgUserRep.go:249.77,251.16 2 1
git.iu7.bmstu.ru/ped22u691/PPO.git/internal/repository/userrep/pgUserRep.go:251.16,253.3 1 0
git.iu7.bmstu.ru/ped22u691/PPO.git/internal/repository/userrep/pgUserRep.go:255.2,257.16 3 1
git.iu7.bmstu.ru/ped22u691/PPO.git/internal/repository/userrep/pgUserRep.go:257.16,259.3 1 1
git.iu7.bmstu.ru/ped22u691/PPO.git/internal/repository/userrep/pgUserRep.go:260.2,267.16 2 1
git.iu7.bmstu.ru/ped22u691/PPO.git/internal/repository/userrep/pgUserRep.go:267.16,269.3 1 0
git.iu7.bmstu.ru/ped22u691/PPO.git/internal/repository/userrep/pgUserRep.go:270.2,271.16 2 1
git.iu7.bmstu.ru/ped22u691/PPO.git/internal/repository/userrep/pgUserRep.go:271.16,273.3 1 0
git.iu7.bmstu.ru/ped22u691/PPO.git/internal/repository/userrep/pgUserRep.go:275.2,276.16 2 1
git.iu7.bmstu.ru/ped22u691/PPO.git/internal/repository/userrep/pgUserRep.go:276.16,278.3 1 0
git.iu7.bmstu.ru/ped22u691/PPO.git/internal/repository/userrep/pgUserRep.go:279.2,279.23 1 1
git.iu7.bmstu.ru/ped22u691/PPO.git/internal/repository/userrep/pgUserRep.go:279.23,281.3 1 0
git.iu7.bmstu.ru/ped22u691/PPO.git/internal/repository/userrep/pgUserRep.go:282.2,282.25 1 1
git.iu7.bmstu.ru/ped22u691/PPO.git/internal/repository/userrep/pgUserRep.go:285.111,290.16 3 1
git.iu7.bmstu.ru/ped22u691/PPO.git/internal/repository/userrep/pgUserRep.go:290.16,292.3 1 0
git.iu7.bmstu.ru/ped22u691/PPO.git/internal/repository/userrep/pgUserRep.go:293.2,294.16 2 1
git.iu7.bmstu.ru/ped22u691/PPO.git/internal/repository/userrep/pgUserRep.go:294.16,296.3 1 0
git.iu7.bmstu.ru/ped22u691/PPO.git/internal/repository/userrep/pgUserRep.go:298.2,299.16 2 1
git.iu7.bmstu.ru/ped22u691/PPO.git/internal/repository/userrep/pgUserRep.go:299.16,301.3 1 0
git.iu7.bmstu.ru/ped22u691/PPO.git/internal/repository/userrep/pgUserRep.go:302.2,302.23 1 1
git.iu7.bmstu.ru/ped22u691/PPO.git/internal/repository/userrep/pgUserRep.go:302.23,304.3 1 1
git.iu7.bmstu.ru/ped22u691/PPO.git/internal/repository/userrep/pgUserRep.go:305.2,305.12 1 1
git.iu7.bmstu.ru/ped22u691/PPO.git/internal/repository/userrep/pgUserRep.go:308.54,310.2 1 0
git.iu7.bmstu.ru/ped22u691/PPO.git/internal/repository/userrep/pgUserRep.go:312.30,314.2 1 0
git.iu7.bmstu.ru/ped22u691/PPO.git/internal/repository/userrep/userRepository.go:32.119,35.2 1 0
